Copyright 1986-2022 Xilinx, Inc. All Rights Reserved.
--------------------------------------------------------------------------------------------
| Tool Version : Vivado v.2022.2 (win64) Build 3671981 Fri Oct 14 05:00:03 MDT 2022
| Date         : Tue Mar 18 17:19:27 2025
| Host         : Dawgburts-Mothership running 64-bit major release  (build 9200)
| Command      : report_control_sets -verbose -file embsys9_wrapper_control_sets_placed.rpt
| Design       : embsys9_wrapper
| Device       : xc7a100t
--------------------------------------------------------------------------------------------

Control Set Information

Table of Contents
-----------------
1. Summary
2. Histogram
3. Flip-Flop Distribution
4. Detailed Control Set Information

1. Summary
----------

+----------------------------------------------------------+-------+
|                          Status                          | Count |
+----------------------------------------------------------+-------+
| Total control sets                                       |    74 |
|    Minimum number of control sets                        |    74 |
|    Addition due to synthesis replication                 |     0 |
|    Addition due to physical synthesis replication        |     0 |
| Unused register locations in slices containing registers |   207 |
+----------------------------------------------------------+-------+
* Control sets can be merged at opt_design using control_set_merge or merge_equivalent_drivers
** Run report_qor_suggestions for automated merging and remapping suggestions


2. Histogram
------------

+--------------------+-------+
|       Fanout       | Count |
+--------------------+-------+
| Total control sets |    74 |
| >= 0 to < 4        |    10 |
| >= 4 to < 6        |    15 |
| >= 6 to < 8        |     7 |
| >= 8 to < 10       |    12 |
| >= 10 to < 12      |     3 |
| >= 12 to < 14      |     1 |
| >= 14 to < 16      |     1 |
| >= 16              |    25 |
+--------------------+-------+
* Control sets can be remapped at either synth_design or opt_design


3. Flip-Flop Distribution
-------------------------

+--------------+-----------------------+------------------------+-----------------+--------------+
| Clock Enable | Synchronous Set/Reset | Asynchronous Set/Reset | Total Registers | Total Slices |
+--------------+-----------------------+------------------------+-----------------+--------------+
| No           | No                    | No                     |             213 |           81 |
| No           | No                    | Yes                    |              30 |            8 |
| No           | Yes                   | No                     |             283 |          111 |
| Yes          | No                    | No                     |             233 |           59 |
| Yes          | No                    | Yes                    |              15 |            8 |
| Yes          | Yes                   | No                     |             611 |          186 |
+--------------+-----------------------+------------------------+-----------------+--------------+


4. Detailed Control Set Information
-----------------------------------

+-----------------------------------------------------------+-----------------------------------------------------------------------------------------------------------------------------------------------------------------------------------------------------------+-----------------------------------------------------------------------------------------------------------------------------------------------+------------------+----------------+--------------+
|                        Clock Signal                       |                                                                                               Enable Signal                                                                                               |                                                                Set/Reset Signal                                                               | Slice Load Count | Bel Load Count | Bels / Slice |
+-----------------------------------------------------------+-----------------------------------------------------------------------------------------------------------------------------------------------------------------------------------------------------------+-----------------------------------------------------------------------------------------------------------------------------------------------+------------------+----------------+--------------+
|  embsys9_i/clk_wiz_1/inst/clk_out1                        |                                                                                                                                                                                                           | embsys9_i/microblaze_0/U0/MicroBlaze_Core_I/Performance.Core/Use_Debug_Logic.Master_Core.Debug_Perf/Serial_Dbg_Intf.capture_1                 |                1 |              1 |         1.00 |
|  embsys9_i/mdm_1/U0/Use_E2.BSCAN_I/Dbg_Update_0_BUFG      | embsys9_i/microblaze_0/U0/MicroBlaze_Core_I/Performance.Core/Use_Debug_Logic.Master_Core.Debug_Perf/Control_Reg_En                                                                                        | embsys9_i/microblaze_0/U0/MicroBlaze_Core_I/Performance.Core/Use_Debug_Logic.Master_Core.Debug_Perf/Serial_Dbg_Intf.continue_from_brk_reg_n_0 |                1 |              1 |         1.00 |
|  embsys9_i/mdm_1/U0/No_Dbg_Reg_Access.BUFG_DRCK/Dbg_Clk_0 | embsys9_i/mdm_1/U0/Use_E2.BSCAN_I/Use_E2.BSCANE2_I_0                                                                                                                                                      | embsys9_i/mdm_1/U0/MDM_Core_I1/JTAG_CONTROL_I/Functional_Reset                                                                                |                1 |              1 |         1.00 |
| ~embsys9_i/mdm_1/U0/No_Dbg_Reg_Access.BUFG_DRCK/Dbg_Clk_0 | embsys9_i/mdm_1/U0/MDM_Core_I1/JTAG_CONTROL_I/Use_BSCAN.FDC_I/CE                                                                                                                                          | embsys9_i/mdm_1/U0/MDM_Core_I1/JTAG_CONTROL_I/Use_BSCAN.FDC_I/D                                                                               |                1 |              1 |         1.00 |
|  embsys9_i/mdm_1/U0/Use_E2.BSCAN_I/Dbg_Update_0_BUFG      |                                                                                                                                                                                                           | embsys9_i/mdm_1/U0/MDM_Core_I1/JTAG_CONTROL_I/Use_BSCAN.FDC_I/command_11                                                                      |                1 |              1 |         1.00 |
|  embsys9_i/mdm_1/U0/Use_E2.BSCAN_I/Dbg_Update_0_BUFG      | embsys9_i/microblaze_0/U0/MicroBlaze_Core_I/Performance.Core/Use_Debug_Logic.Master_Core.Debug_Perf/Control_Reg_En                                                                                        | embsys9_i/microblaze_0/U0/MicroBlaze_Core_I/Performance.Core/Use_Debug_Logic.Master_Core.Debug_Perf/Serial_Dbg_Intf.normal_stop_cmd_i_reg_n_0 |                1 |              1 |         1.00 |
|  embsys9_i/mdm_1/U0/Use_E2.BSCAN_I/Dbg_Update_0_BUFG      | embsys9_i/microblaze_0/U0/MicroBlaze_Core_I/Performance.Core/Use_Debug_Logic.Master_Core.Debug_Perf/Control_Reg_En                                                                                        | embsys9_i/microblaze_0/U0/MicroBlaze_Core_I/Performance.Core/Use_Debug_Logic.Master_Core.Debug_Perf/Serial_Dbg_Intf.force_stop_cmd_i_reg_0    |                1 |              1 |         1.00 |
|  embsys9_i/mdm_1/U0/Use_E2.BSCAN_I/Dbg_Update_0_BUFG      | embsys9_i/microblaze_0/U0/MicroBlaze_Core_I/Performance.Core/Use_Debug_Logic.Master_Core.Debug_Perf/Control_Reg_En                                                                                        | embsys9_i/microblaze_0/U0/MicroBlaze_Core_I/Performance.Core/Use_Debug_Logic.Master_Core.Debug_Perf/start_single_step_reg_n_0                 |                1 |              1 |         1.00 |
| ~embsys9_i/mdm_1/U0/Use_E2.BSCAN_I/Dbg_Update_0_BUFG      |                                                                                                                                                                                                           | embsys9_i/mdm_1/U0/MDM_Core_I1/JTAG_CONTROL_I/sel_n                                                                                           |                1 |              1 |         1.00 |
|  embsys9_i/mdm_1/U0/Use_E2.BSCAN_I/Dbg_Update_0_BUFG      | embsys9_i/microblaze_0/U0/MicroBlaze_Core_I/Performance.Core/Use_Debug_Logic.Master_Core.Debug_Perf/Command_Reg_En                                                                                        | embsys9_i/microblaze_0/U0/MicroBlaze_Core_I/Performance.Core/Use_Debug_Logic.Master_Core.Debug_Perf/command_reg_clear                         |                1 |              2 |         2.00 |
|  embsys9_i/clk_wiz_1/inst/clk_out1                        | embsys9_i/axi_uartlite_0/U0/AXI_LITE_IPIF_I/I_SLAVE_ATTACHMENT/start2                                                                                                                                     | embsys9_i/axi_uartlite_0/U0/AXI_LITE_IPIF_I/I_SLAVE_ATTACHMENT/I_DECODER/cs_ce_clr                                                            |                1 |              4 |         4.00 |
|  embsys9_i/clk_wiz_1/inst/clk_out1                        | embsys9_i/mdm_1/U0/MDM_Core_I1/JTAG_CONTROL_I/Use_UART.TX_FIFO_I/data_Exists_I_reg_0                                                                                                                      | embsys9_i/mdm_1/U0/MDM_Core_I1/Use_Uart.reset_TX_FIFO_i_reg_n_0                                                                               |                1 |              4 |         4.00 |
|  embsys9_i/clk_wiz_1/inst/clk_out1                        |                                                                                                                                                                                                           | embsys9_i/axi_gpio_0/U0/AXI_LITE_IPIF_I/I_SLAVE_ATTACHMENT/clear                                                                              |                1 |              4 |         4.00 |
|  embsys9_i/mdm_1/U0/Use_E2.BSCAN_I/Dbg_Update_0_BUFG      | embsys9_i/microblaze_0/U0/MicroBlaze_Core_I/Performance.Core/Use_Debug_Logic.Master_Core.Debug_Perf/Control_Reg_En                                                                                        |                                                                                                                                               |                1 |              4 |         4.00 |
|  embsys9_i/clk_wiz_1/inst/clk_out1                        | embsys9_i/axi_uartlite_0/U0/UARTLITE_CORE_I/BAUD_RATE_I/en_16x_Baud                                                                                                                                       |                                                                                                                                               |                2 |              4 |         2.00 |
|  embsys9_i/clk_wiz_1/inst/clk_out1                        | embsys9_i/axi_gpio_0/U0/AXI_LITE_IPIF_I/I_SLAVE_ATTACHMENT/bus2ip_addr_i[8]_i_1_n_0                                                                                                                       | embsys9_i/axi_gpio_0/U0/AXI_LITE_IPIF_I/I_SLAVE_ATTACHMENT/SS[0]                                                                              |                1 |              4 |         4.00 |
|  embsys9_i/mdm_1/U0/No_Dbg_Reg_Access.BUFG_DRCK/Dbg_Clk_0 | embsys9_i/mdm_1/U0/MDM_Core_I1/Use_BSCAN.TDI_Shifter0                                                                                                                                                     | embsys9_i/mdm_1/U0/Use_E2.BSCAN_I/AR[0]                                                                                                       |                1 |              4 |         4.00 |
|  embsys9_i/clk_wiz_1/inst/clk_out1                        | embsys9_i/mdm_1/U0/MDM_Core_I1/JTAG_CONTROL_I/Use_UART.RX_FIFO_I/data_Exists_I_reg_0                                                                                                                      | embsys9_i/mdm_1/U0/MDM_Core_I1/Use_Uart.reset_RX_FIFO_i_reg_n_0                                                                               |                1 |              4 |         4.00 |
|  embsys9_i/clk_wiz_1/inst/clk_out1                        | embsys9_i/mdm_1/U0/Use_AXI_IPIF.AXI_LITE_IPIF_I/I_SLAVE_ATTACHMENT/start2                                                                                                                                 | embsys9_i/mdm_1/U0/Use_AXI_IPIF.AXI_LITE_IPIF_I/I_SLAVE_ATTACHMENT/I_DECODER/cs_ce_clr                                                        |                1 |              4 |         4.00 |
|  embsys9_i/clk_wiz_1/inst/clk_out1                        | embsys9_i/axi_gpio_0/U0/AXI_LITE_IPIF_I/I_SLAVE_ATTACHMENT/start2                                                                                                                                         | embsys9_i/axi_gpio_0/U0/AXI_LITE_IPIF_I/I_SLAVE_ATTACHMENT/I_DECODER/cs_ce_clr                                                                |                1 |              4 |         4.00 |
|  embsys9_i/mdm_1/U0/Use_E2.BSCAN_I/Dbg_Update_0_BUFG      |                                                                                                                                                                                                           |                                                                                                                                               |                4 |              4 |         1.00 |
|  embsys9_i/mdm_1/U0/Use_E2.BSCAN_I/Dbg_Update_0_BUFG      | embsys9_i/mdm_1/U0/MDM_Core_I1/Use_BSCAN.MDM_SEL                                                                                                                                                          | embsys9_i/mdm_1/U0/Use_E2.BSCAN_I/AR[0]                                                                                                       |                1 |              4 |         4.00 |
| ~embsys9_i/mdm_1/U0/Use_E2.BSCAN_I/Dbg_Update_0_BUFG      |                                                                                                                                                                                                           | embsys9_i/mdm_1/U0/Use_E2.BSCAN_I/AR[0]                                                                                                       |                1 |              4 |         4.00 |
|  embsys9_i/clk_wiz_1/inst/clk_out1                        |                                                                                                                                                                                                           | embsys9_i/rst_clk_wiz_1_100M/U0/EXT_LPF/lpf_int                                                                                               |                1 |              5 |         5.00 |
|  embsys9_i/clk_wiz_1/inst/clk_out1                        | embsys9_i/microblaze_0/U0/MicroBlaze_Core_I/Performance.Core/Decode_I/wb_Halted                                                                                                                           | embsys9_i/microblaze_0/U0/MicroBlaze_Core_I/sync_reset                                                                                        |                1 |              5 |         5.00 |
|  embsys9_i/mdm_1/U0/No_Dbg_Reg_Access.BUFG_DRCK/Dbg_Clk_0 | embsys9_i/mdm_1/U0/Use_E2.BSCAN_I/sel                                                                                                                                                                     |                                                                                                                                               |                2 |              6 |         3.00 |
|  embsys9_i/mdm_1/U0/No_Dbg_Reg_Access.BUFG_DRCK/Dbg_Clk_0 | embsys9_i/mdm_1/U0/MDM_Core_I1/JTAG_CONTROL_I/Use_BSCAN.FDC_I/sample_1                                                                                                                                    |                                                                                                                                               |                2 |              6 |         3.00 |
|  embsys9_i/clk_wiz_1/inst/clk_out1                        |                                                                                                                                                                                                           | embsys9_i/axi_uartlite_0/U0/UARTLITE_CORE_I/UARTLITE_RX_I/SRL_FIFO_I/I_SRL_FIFO_RBU_F/CNTR_INCR_DECR_ADDN_F_I/SS[0]                           |                2 |              6 |         3.00 |
|  embsys9_i/clk_wiz_1/inst/clk_out1                        |                                                                                                                                                                                                           | embsys9_i/axi_uartlite_0/U0/UARTLITE_CORE_I/UARTLITE_TX_I/SRL_FIFO_I/I_SRL_FIFO_RBU_F/CNTR_INCR_DECR_ADDN_F_I/SS[0]                           |                3 |              6 |         2.00 |
|  embsys9_i/mdm_1/U0/No_Dbg_Reg_Access.BUFG_DRCK/Dbg_Clk_0 | embsys9_i/mdm_1/U0/Use_E2.BSCAN_I/Use_E2.BSCANE2_I_2                                                                                                                                                      |                                                                                                                                               |                2 |              6 |         3.00 |
|  embsys9_i/clk_wiz_1/inst/clk_out1                        | embsys9_i/rst_clk_wiz_1_100M/U0/SEQ/seq_cnt_en                                                                                                                                                            | embsys9_i/rst_clk_wiz_1_100M/U0/SEQ/SEQ_COUNTER/clear                                                                                         |                1 |              6 |         6.00 |
|  embsys9_i/clk_wiz_1/inst/clk_out1                        | embsys9_i/axi_uartlite_0/U0/UARTLITE_CORE_I/BAUD_RATE_I/en_16x_Baud                                                                                                                                       | embsys9_i/axi_uartlite_0/U0/UARTLITE_CORE_I/UARTLITE_RX_I/SERIAL_TO_PARALLEL[8].fifo_din[8]_i_1_n_0                                           |                1 |              7 |         7.00 |
|  embsys9_i/clk_wiz_1/inst/clk_out1                        | embsys9_i/axi_uartlite_0/U0/UARTLITE_CORE_I/UARTLITE_RX_I/SRL_FIFO_I/I_SRL_FIFO_RBU_F/DYNSHREG_F_I/fifo_wr                                                                                                |                                                                                                                                               |                1 |              8 |         8.00 |
|  embsys9_i/mdm_1/U0/No_Dbg_Reg_Access.BUFG_DRCK/Dbg_Clk_0 | embsys9_i/mdm_1/U0/MDM_Core_I1/JTAG_CONTROL_I/tdi_shifter0                                                                                                                                                |                                                                                                                                               |                1 |              8 |         8.00 |
|  embsys9_i/clk_wiz_1/inst/clk_out1                        | embsys9_i/axi_uartlite_0/U0/AXI_LITE_IPIF_I/I_SLAVE_ATTACHMENT/I_DECODER/fifo_wr                                                                                                                          |                                                                                                                                               |                1 |              8 |         8.00 |
|  embsys9_i/clk_wiz_1/inst/clk_out1                        | embsys9_i/axi_uartlite_0/U0/AXI_LITE_IPIF_I/I_SLAVE_ATTACHMENT/s_axi_rresp_i                                                                                                                              | embsys9_i/axi_uartlite_0/U0/AXI_LITE_IPIF_I/I_SLAVE_ATTACHMENT/rst                                                                            |                3 |              8 |         2.67 |
|  embsys9_i/clk_wiz_1/inst/clk_out1                        | embsys9_i/mdm_1/U0/Use_AXI_IPIF.AXI_LITE_IPIF_I/I_SLAVE_ATTACHMENT/s_axi_rresp_i                                                                                                                          | embsys9_i/mdm_1/U0/Use_AXI_IPIF.AXI_LITE_IPIF_I/I_SLAVE_ATTACHMENT/rst                                                                        |                2 |              8 |         4.00 |
|  embsys9_i/clk_wiz_1/inst/clk_out1                        | embsys9_i/mdm_1/U0/MDM_Core_I1/JTAG_CONTROL_I/Use_UART.RX_FIFO_I/Addr_Counters[2].FDRE_I/CI                                                                                                               |                                                                                                                                               |                2 |              8 |         4.00 |
|  embsys9_i/clk_wiz_1/inst/clk_out1                        | embsys9_i/mdm_1/U0/MDM_Core_I1/JTAG_CONTROL_I/Use_UART.TX_FIFO_I/Addr_Counters[2].FDRE_I/CI                                                                                                               |                                                                                                                                               |                2 |              8 |         4.00 |
|  embsys9_i/mdm_1/U0/No_Dbg_Reg_Access.BUFG_DRCK/Dbg_Clk_0 | embsys9_i/mdm_1/U0/Use_E2.BSCAN_I/Use_E2.BSCANE2_I_3                                                                                                                                                      |                                                                                                                                               |                2 |              8 |         4.00 |
|  embsys9_i/mdm_1/U0/Use_E2.BSCAN_I/Dbg_Update_0_BUFG      | embsys9_i/mdm_1/U0/MDM_Core_I1/JTAG_CONTROL_I/Use_BSCAN.FDC_I/command_10                                                                                                                                  |                                                                                                                                               |                1 |              8 |         8.00 |
|  embsys9_i/mdm_1/U0/No_Dbg_Reg_Access.BUFG_DRCK/Dbg_Clk_0 | embsys9_i/microblaze_0/U0/MicroBlaze_Core_I/Performance.Core/Use_Debug_Logic.Master_Core.Debug_Perf/Using_PC_Breakpoints.All_PC_Brks[0].Serial_Interface_1.address_hit_I/Compare[0].SRLC16E_I/which_pc__0 |                                                                                                                                               |                7 |              8 |         1.14 |
|  embsys9_i/mdm_1/U0/No_Dbg_Reg_Access.BUFG_DRCK/Dbg_Clk_0 | embsys9_i/mdm_1/U0/MDM_Core_I1/JTAG_CONTROL_I/Use_BSCAN.SYNC_FDRE/Using_FPGA.Native_0                                                                                                                     |                                                                                                                                               |                1 |              8 |         8.00 |
| ~embsys9_i/mdm_1/U0/Use_E2.BSCAN_I/Dbg_Update_0_BUFG      | embsys9_i/mdm_1/U0/MDM_Core_I1/JTAG_CONTROL_I/Use_BSCAN.command[0]_i_1_n_0                                                                                                                                |                                                                                                                                               |                2 |              8 |         4.00 |
|  embsys9_i/clk_wiz_1/inst/clk_out1                        |                                                                                                                                                                                                           | embsys9_i/axi_uartlite_0/U0/AXI_LITE_IPIF_I/I_SLAVE_ATTACHMENT/rst                                                                            |                4 |             10 |         2.50 |
|  embsys9_i/mdm_1/U0/No_Dbg_Reg_Access.BUFG_DRCK/Dbg_Clk_0 | embsys9_i/mdm_1/U0/MDM_Core_I1/JTAG_CONTROL_I/Use_BSCAN.FDC_I/Use_Serial_Unified_Completion.completion_block_reg                                                                                          |                                                                                                                                               |                3 |             10 |         3.33 |
|  embsys9_i/clk_wiz_1/inst/clk_out1                        |                                                                                                                                                                                                           | embsys9_i/mdm_1/U0/Use_AXI_IPIF.AXI_LITE_IPIF_I/I_SLAVE_ATTACHMENT/rst                                                                        |                3 |             10 |         3.33 |
|  embsys9_i/clk_wiz_1/inst/clk_out1                        |                                                                                                                                                                                                           | embsys9_i/microblaze_0_axi_periph/xbar/inst/gen_sasd.crossbar_sasd_0/addr_arbiter_inst/SR[0]                                                  |                5 |             13 |         2.60 |
|  embsys9_i/clk_wiz_1/inst/clk_out1                        | embsys9_i/microblaze_0_axi_periph/xbar/inst/gen_sasd.crossbar_sasd_0/reg_slice_r/aa_rready                                                                                                                |                                                                                                                                               |                5 |             15 |         3.00 |
|  embsys9_i/clk_wiz_1/inst/clk_out1                        | embsys9_i/microblaze_0/U0/MicroBlaze_Core_I/Performance.Core/Decode_I/PreFetch_Buffer_I1/OF_Valid_DFF/E[0]                                                                                                | embsys9_i/microblaze_0/U0/MicroBlaze_Core_I/sync_reset                                                                                        |                9 |             16 |         1.78 |
|  embsys9_i/clk_wiz_1/inst/clk_out1                        | embsys9_i/microblaze_0/U0/MicroBlaze_Core_I/Performance.Core/Decode_I/mem_wait_on_ready_N_carry_or/MUXCY_I/lopt_1                                                                                         | embsys9_i/microblaze_0/U0/MicroBlaze_Core_I/sync_reset                                                                                        |                8 |             20 |         2.50 |
|  embsys9_i/clk_wiz_1/inst/clk_out1                        |                                                                                                                                                                                                           | embsys9_i/axi_gpio_0/U0/AXI_LITE_IPIF_I/I_SLAVE_ATTACHMENT/SS[0]                                                                              |                6 |             21 |         3.50 |
|  embsys9_i/clk_wiz_1/inst/clk_out1                        | embsys9_i/microblaze_0_axi_periph/xbar/inst/gen_sasd.crossbar_sasd_0/addr_arbiter_inst/p_0_in1_in                                                                                                         | embsys9_i/microblaze_0_axi_periph/xbar/inst/gen_sasd.crossbar_sasd_0/addr_arbiter_inst/SR[0]                                                  |                4 |             23 |         5.75 |
|  embsys9_i/mdm_1/U0/No_Dbg_Reg_Access.BUFG_DRCK/Dbg_Clk_0 |                                                                                                                                                                                                           | embsys9_i/mdm_1/U0/Use_E2.BSCAN_I/Use_E2.BSCANE2_I_5                                                                                          |                4 |             23 |         5.75 |
|  embsys9_i/clk_wiz_1/inst/clk_out1                        |                                                                                                                                                                                                           | embsys9_i/axi_uartlite_0/U0/UARTLITE_CORE_I/UARTLITE_RX_I/s_axi_aresetn_0                                                                     |               11 |             26 |         2.36 |
|  embsys9_i/clk_wiz_1/inst/clk_out1                        | embsys9_i/axi_uartlite_0/U0/UARTLITE_CORE_I/BAUD_RATE_I/en_16x_Baud                                                                                                                                       | embsys9_i/axi_uartlite_0/U0/UARTLITE_CORE_I/UARTLITE_RX_I/s_axi_aresetn_0                                                                     |                6 |             28 |         4.67 |
|  embsys9_i/clk_wiz_1/inst/clk_out1                        | embsys9_i/microblaze_0_axi_periph/xbar/inst/gen_sasd.crossbar_sasd_0/addr_arbiter_inst/s_axi_rvalid[0]                                                                                                    | embsys9_i/microblaze_0/U0/MicroBlaze_Core_I/sync_reset                                                                                        |                9 |             32 |         3.56 |
|  embsys9_i/clk_wiz_1/inst/clk_out1                        |                                                                                                                                                                                                           | embsys9_i/microblaze_0/U0/MicroBlaze_Core_I/Performance.Core/wb_dlmb_valid_read_data0                                                         |               10 |             32 |         3.20 |
|  embsys9_i/clk_wiz_1/inst/clk_out1                        | embsys9_i/microblaze_0/U0/MicroBlaze_Core_I/Performance.Core/Use_Debug_Logic.Master_Core.Debug_Perf/data_rd_reg[0]_i_1_n_0                                                                                | embsys9_i/microblaze_0/U0/MicroBlaze_Core_I/sync_reset                                                                                        |               10 |             32 |         3.20 |
|  embsys9_i/mdm_1/U0/No_Dbg_Reg_Access.BUFG_DRCK/Dbg_Clk_0 | embsys9_i/microblaze_0/U0/MicroBlaze_Core_I/Performance.Core/Use_Debug_Logic.Master_Core.Debug_Perf/Serial_Dbg_Intf.New_Dbg_Instr_TCK                                                                     |                                                                                                                                               |                9 |             32 |         3.56 |
|  embsys9_i/clk_wiz_1/inst/clk_out1                        | embsys9_i/microblaze_0/U0/MicroBlaze_Core_I/Performance.Core/Decode_I/PreFetch_Buffer_I1/Gen_Mux_Select_LUT6[1].Gen_Sel_DFF/if_fetch_in_progress_reg[0]                                                   | embsys9_i/microblaze_0/U0/MicroBlaze_Core_I/sync_reset                                                                                        |                8 |             32 |         4.00 |
|  embsys9_i/clk_wiz_1/inst/clk_out1                        | embsys9_i/microblaze_0/U0/MicroBlaze_Core_I/Performance.Core/Decode_I/mem_wait_on_ready_N_carry_or/MUXCY_I/lopt_1                                                                                         |                                                                                                                                               |                9 |             32 |         3.56 |
|  embsys9_i/clk_wiz_1/inst/clk_out1                        | embsys9_i/microblaze_0/U0/MicroBlaze_Core_I/Performance.Core/Decode_I/Use_MuxCy[3].OF_Piperun_Stage/MUXCY_I/E[0]                                                                                          | embsys9_i/microblaze_0/U0/MicroBlaze_Core_I/sync_reset                                                                                        |                5 |             32 |         6.40 |
|  embsys9_i/clk_wiz_1/inst/clk_out1                        | embsys9_i/microblaze_0/U0/MicroBlaze_Core_I/Performance.Core/Decode_I/Use_MuxCy[3].OF_Piperun_Stage/MUXCY_I/Using_FPGA.Native_0                                                                           | embsys9_i/microblaze_0/U0/MicroBlaze_Core_I/Performance.Core/Decode_I/R                                                                       |                9 |             32 |         3.56 |
|  embsys9_i/clk_wiz_1/inst/clk_out1                        | embsys9_i/microblaze_0/U0/MicroBlaze_Core_I/Performance.Core/Decode_I/mem_wait_on_ready_N_carry_or/MUXCY_I/lopt_1                                                                                         | embsys9_i/microblaze_0/U0/MicroBlaze_Core_I/Performance.Core/Decode_I/SR[0]                                                                   |                8 |             32 |         4.00 |
|  embsys9_i/clk_wiz_1/inst/clk_out1                        | embsys9_i/microblaze_0_axi_periph/xbar/inst/gen_sasd.crossbar_sasd_0/addr_arbiter_inst/E[0]                                                                                                               |                                                                                                                                               |                8 |             33 |         4.12 |
|  embsys9_i/mdm_1/U0/No_Dbg_Reg_Access.BUFG_DRCK/Dbg_Clk_0 | embsys9_i/mdm_1/U0/Use_E2.BSCAN_I/Use_E2.BSCANE2_I_0                                                                                                                                                      |                                                                                                                                               |                9 |             47 |         5.22 |
|  embsys9_i/clk_wiz_1/inst/clk_out1                        | embsys9_i/microblaze_0/U0/MicroBlaze_Core_I/Performance.Core/Decode_I/Use_MuxCy[3].OF_Piperun_Stage/MUXCY_I/Using_FPGA.Native_0                                                                           | embsys9_i/microblaze_0/U0/MicroBlaze_Core_I/sync_reset                                                                                        |               17 |             55 |         3.24 |
|  embsys9_i/clk_wiz_1/inst/clk_out1                        | embsys9_i/microblaze_0/U0/MicroBlaze_Core_I/Performance.Core/Decode_I/PreFetch_Buffer_I1/Instruction_Prefetch_Mux[42].Instr_Mux_MUXF7/IReady_0                                                            |                                                                                                                                               |               11 |             75 |         6.82 |
|  embsys9_i/mdm_1/U0/No_Dbg_Reg_Access.BUFG_DRCK/Dbg_Clk_0 |                                                                                                                                                                                                           |                                                                                                                                               |               28 |             80 |         2.86 |
|  embsys9_i/clk_wiz_1/inst/clk_out1                        | embsys9_i/microblaze_0/U0/MicroBlaze_Core_I/Performance.Core/Decode_I/WB_GPR_Wr                                                                                                                           |                                                                                                                                               |               16 |            128 |         8.00 |
|  embsys9_i/clk_wiz_1/inst/clk_out1                        |                                                                                                                                                                                                           |                                                                                                                                               |               53 |            146 |         2.75 |
|  embsys9_i/clk_wiz_1/inst/clk_out1                        |                                                                                                                                                                                                           | embsys9_i/microblaze_0/U0/MicroBlaze_Core_I/sync_reset                                                                                        |               65 |            150 |         2.31 |
|  embsys9_i/clk_wiz_1/inst/clk_out1                        | embsys9_i/microblaze_0/U0/MicroBlaze_Core_I/Performance.Core/Decode_I/Use_MuxCy[11].OF_Piperun_Stage/MUXCY_I/Using_FPGA.Native_0                                                                          | embsys9_i/microblaze_0/U0/MicroBlaze_Core_I/sync_reset                                                                                        |               78 |            218 |         2.79 |
+-----------------------------------------------------------+-----------------------------------------------------------------------------------------------------------------------------------------------------------------------------------------------------------+-----------------------------------------------------------------------------------------------------------------------------------------------+------------------+----------------+--------------+


