14:40:54 DEBUG : Logs will be stored at 'C:/SimpleLock/Vitis9/IDE.log'.
14:40:56 INFO  : Launching XSCT server: xsct.bat -n  -interactive C:\SimpleLock\Vitis9\temp_xsdb_launch_script.tcl
14:40:56 INFO  : Registering command handlers for Vitis TCF services
14:40:57 INFO  : Platform repository initialization has completed.
14:40:59 INFO  : XSCT server has started successfully.
14:40:59 INFO  : plnx-install-location is set to ''
14:40:59 INFO  : Successfully done setting XSCT server connection channel  
14:40:59 INFO  : Successfully done query RDI_DATADIR 
14:40:59 INFO  : Successfully done setting workspace for the tool. 
14:41:28 INFO  : Result from executing command 'getProjects': DLplatform9
14:41:28 INFO  : Result from executing command 'getPlatforms': xilinx_zcu102_base_202220_1|C:/Xilinx/Vitis/2022.2/base_platforms/xilinx_zcu102_base_202220_1/xilinx_zcu102_base_202220_1.xpfm;xilinx_zcu102_base_dfx_202220_1|C:/Xilinx/Vitis/2022.2/base_platforms/xilinx_zcu102_base_dfx_202220_1/xilinx_zcu102_base_dfx_202220_1.xpfm;xilinx_zcu104_base_202220_1|C:/Xilinx/Vitis/2022.2/base_platforms/xilinx_zcu104_base_202220_1/xilinx_zcu104_base_202220_1.xpfm
14:42:10 INFO  : Result from executing command 'getProjects': DLplatform9
14:42:10 INFO  : Result from executing command 'getPlatforms': DLplatform9|C:/SimpleLock/Vitis9/DLplatform9/export/DLplatform9/DLplatform9.xpfm;xilinx_zcu102_base_202220_1|C:/Xilinx/Vitis/2022.2/base_platforms/xilinx_zcu102_base_202220_1/xilinx_zcu102_base_202220_1.xpfm;xilinx_zcu102_base_dfx_202220_1|C:/Xilinx/Vitis/2022.2/base_platforms/xilinx_zcu102_base_dfx_202220_1/xilinx_zcu102_base_dfx_202220_1.xpfm;xilinx_zcu104_base_202220_1|C:/Xilinx/Vitis/2022.2/base_platforms/xilinx_zcu104_base_202220_1/xilinx_zcu104_base_202220_1.xpfm
14:43:07 INFO  : Result from executing command 'getProjects': DLplatform9
14:43:07 INFO  : Result from executing command 'getPlatforms': DLplatform9|C:/SimpleLock/Vitis9/DLplatform9/export/DLplatform9/DLplatform9.xpfm;xilinx_zcu102_base_202220_1|C:/Xilinx/Vitis/2022.2/base_platforms/xilinx_zcu102_base_202220_1/xilinx_zcu102_base_202220_1.xpfm;xilinx_zcu102_base_dfx_202220_1|C:/Xilinx/Vitis/2022.2/base_platforms/xilinx_zcu102_base_dfx_202220_1/xilinx_zcu102_base_dfx_202220_1.xpfm;xilinx_zcu104_base_202220_1|C:/Xilinx/Vitis/2022.2/base_platforms/xilinx_zcu104_base_202220_1/xilinx_zcu104_base_202220_1.xpfm
14:44:00 INFO  : Checking for BSP changes to sync application flags for project 'DLapp9'...
14:44:00 INFO  : Updating application flags with new BSP settings...
14:44:00 INFO  : Successfully updated application flags for project DLapp9.
14:44:14 INFO  : Checking for BSP changes to sync application flags for project 'DLapp9'...
14:44:29 INFO  : Bit file 'C:/SimpleLock/Vitis9/DLapp9/_ide/bitstream/download.bit' is generated.
14:44:31 INFO  : Connected to target on host '127.0.0.1' and port '3121'.
14:44:32 INFO  : 'targets -set -filter {jtag_cable_name =~ "Digilent Nexys A7 -100T 210292BB2FBAA" && level==0 && jtag_device_ctx=="jsn-Nexys A7 -100T-210292BB2FBAA-13631093-0"}' command is executed.
14:44:34 INFO  : Device configured successfully with "C:/SimpleLock/Vitis9/DLapp9/_ide/bitstream/download.bit"
14:45:10 INFO  : Bit file 'C:/SimpleLock/Vitis9/DLapp9/_ide/bitstream/download.bit' is generated.
14:45:24 INFO  : Bit file 'C:/SimpleLock/Vitis9/DLapp9/_ide/bitstream/download.bit' is generated.
14:45:24 INFO  : Connected to target on host '127.0.0.1' and port '3121'.
14:45:24 INFO  : 'targets -set -filter {jtag_cable_name =~ "Digilent Nexys A7 -100T 210292BB2FBAA" && level==0 && jtag_device_ctx=="jsn-Nexys A7 -100T-210292BB2FBAA-13631093-0"}' command is executed.
14:45:26 INFO  : Device configured successfully with "C:/SimpleLock/Vitis9/DLapp9/_ide/bitstream/download.bit"
14:45:46 INFO  : Result from executing command 'removePlatformRepo': 
14:45:50 INFO  : Result from executing command 'getProjects': DLplatform9
14:45:50 INFO  : Result from executing command 'getPlatforms': xilinx_zcu102_base_202220_1|C:/Xilinx/Vitis/2022.2/base_platforms/xilinx_zcu102_base_202220_1/xilinx_zcu102_base_202220_1.xpfm;xilinx_zcu102_base_dfx_202220_1|C:/Xilinx/Vitis/2022.2/base_platforms/xilinx_zcu102_base_dfx_202220_1/xilinx_zcu102_base_dfx_202220_1.xpfm;xilinx_zcu104_base_202220_1|C:/Xilinx/Vitis/2022.2/base_platforms/xilinx_zcu104_base_202220_1/xilinx_zcu104_base_202220_1.xpfm
14:45:50 INFO  : Checking for BSP changes to sync application flags for project 'DLapp9'...
14:46:06 INFO  : Bit file 'C:/SimpleLock/Vitis9/DLapp9/_ide/bitstream/download.bit' is generated.
14:46:13 INFO  : Connected to target on host '127.0.0.1' and port '3121'.
14:46:25 INFO  : Bit file 'C:/SimpleLock/Vitis9/DLapp9/_ide/bitstream/download.bit' is generated.
14:46:25 INFO  : Connected to target on host '127.0.0.1' and port '3121'.
14:46:25 INFO  : 'targets -set -filter {jtag_cable_name =~ "Digilent Nexys A7 -100T 210292BB2FBAA" && level==0 && jtag_device_ctx=="jsn-Nexys A7 -100T-210292BB2FBAA-13631093-0"}' command is executed.
14:46:27 INFO  : Device configured successfully with "C:/SimpleLock/Vitis9/DLapp9/_ide/bitstream/download.bit"
14:46:51 DEBUG : Logs will be stored at 'C:/SimpleLock/Vitis9/IDE.log'.
14:46:52 INFO  : Launching XSCT server: xsct.bat -n  -interactive C:\SimpleLock\Vitis9\temp_xsdb_launch_script.tcl
14:46:54 INFO  : XSCT server has started successfully.
14:46:54 INFO  : Successfully done setting XSCT server connection channel  
14:46:54 INFO  : plnx-install-location is set to ''
14:46:54 INFO  : Successfully done setting workspace for the tool. 
14:46:56 INFO  : Successfully done query RDI_DATADIR 
14:46:56 INFO  : Registering command handlers for Vitis TCF services
14:46:56 INFO  : Platform repository initialization has completed.
14:46:59 INFO  : Checking for BSP changes to sync application flags for project 'DLapp9'...
14:47:06 INFO  : Result from executing command 'removePlatformRepo': 
14:47:10 ERROR : Error from executing command 'removePlatformRepo': ERROR: No valid directory exists at given path.
14:47:17 ERROR : Error from executing command 'removePlatformRepo': ERROR: No valid directory exists at given path.
14:47:27 INFO  : Result from executing command 'getProjects': DLplatform9
14:47:27 INFO  : Result from executing command 'getPlatforms': xilinx_zcu102_base_202220_1|C:/Xilinx/Vitis/2022.2/base_platforms/xilinx_zcu102_base_202220_1/xilinx_zcu102_base_202220_1.xpfm;xilinx_zcu102_base_dfx_202220_1|C:/Xilinx/Vitis/2022.2/base_platforms/xilinx_zcu102_base_dfx_202220_1/xilinx_zcu102_base_dfx_202220_1.xpfm;xilinx_zcu104_base_202220_1|C:/Xilinx/Vitis/2022.2/base_platforms/xilinx_zcu104_base_202220_1/xilinx_zcu104_base_202220_1.xpfm
14:47:27 INFO  : Checking for BSP changes to sync application flags for project 'DLapp9'...
14:47:45 INFO  : Bit file 'C:/SimpleLock/Vitis9/DLapp9/_ide/bitstream/download.bit' is generated.
14:47:59 INFO  : Bit file 'C:/SimpleLock/Vitis9/DLapp9/_ide/bitstream/download.bit' is generated.
14:48:02 INFO  : Connected to target on host '127.0.0.1' and port '3121'.
14:48:02 INFO  : 'targets -set -filter {jtag_cable_name =~ "Digilent Nexys A7 -100T 210292BB2FBAA" && level==0 && jtag_device_ctx=="jsn-Nexys A7 -100T-210292BB2FBAA-13631093-0"}' command is executed.
14:48:04 INFO  : Device configured successfully with "C:/SimpleLock/Vitis9/DLapp9/_ide/bitstream/download.bit"
14:49:18 INFO  : Connected to target on host '127.0.0.1' and port '3121'.
14:49:18 INFO  : Jtag cable 'Digilent Nexys A7 -100T 210292BB2FBAA' is selected.
14:49:18 INFO  : 'jtag frequency' command is executed.
14:49:18 INFO  : 'targets -set -filter {jtag_cable_name =~ "Digilent Nexys A7 -100T 210292BB2FBAA" && level==0 && jtag_device_ctx=="jsn-Nexys A7 -100T-210292BB2FBAA-13631093-0"}' command is executed.
14:49:20 INFO  : Device configured successfully with "C:/SimpleLock/Vitis9/DLapp9/_ide/bitstream/download.bit"
14:49:20 INFO  : Context for processor 'microblaze_0' is selected.
14:49:20 INFO  : Hardware design and registers information is loaded from 'C:/SimpleLock/Vitis9/DLplatform9/export/DLplatform9/hw/embsys9_wrapper.xsa'.
14:49:20 INFO  : 'configparams mdm-detect-bscan-mask 2' command is executed.
14:49:20 INFO  : Context for processor 'microblaze_0' is selected.
14:49:20 INFO  : System reset is completed.
14:49:23 INFO  : 'after 3000' command is executed.
14:49:23 INFO  : Context for processor 'microblaze_0' is selected.
14:49:23 INFO  : The application 'C:/SimpleLock/Vitis9/DLapp9/Debug/DLapp9.elf' is downloaded to processor 'microblaze_0'.
14:49:23 INFO  : ----------------XSDB Script----------------
connect -url tcp:127.0.0.1:3121
targets -set -filter {jtag_cable_name =~ "Digilent Nexys A7 -100T 210292BB2FBAA" && level==0 && jtag_device_ctx=="jsn-Nexys A7 -100T-210292BB2FBAA-13631093-0"}
fpga -file C:/SimpleLock/Vitis9/DLapp9/_ide/bitstream/download.bit
targets -set -nocase -filter {name =~ "*microblaze*#0" && bscan=="USER2" }
loadhw -hw C:/SimpleLock/Vitis9/DLplatform9/export/DLplatform9/hw/embsys9_wrapper.xsa -regs
configparams mdm-detect-bscan-mask 2
targets -set -nocase -filter {name =~ "*microblaze*#0" && bscan=="USER2" }
rst -system
after 3000
targets -set -nocase -filter {name =~ "*microblaze*#0" && bscan=="USER2" }
dow C:/SimpleLock/Vitis9/DLapp9/Debug/DLapp9.elf
----------------End of Script----------------

14:49:23 INFO  : Context for processor 'microblaze_0' is selected.
14:49:23 INFO  : 'con' command is executed.
14:49:23 INFO  : ----------------XSDB Script (After Launch)----------------
targets -set -nocase -filter {name =~ "*microblaze*#0" && bscan=="USER2" }
con
----------------End of Script----------------

14:49:23 INFO  : Launch script is exported to file 'C:\SimpleLock\Vitis9\DLapp9_system\_ide\scripts\debugger_dlapp9-default.tcl'
14:55:13 INFO  : Checking for BSP changes to sync application flags for project 'DLapp9'...
14:56:09 INFO  : Checking for BSP changes to sync application flags for project 'DLapp9'...
14:57:40 INFO  : Checking for BSP changes to sync application flags for project 'DLapp9'...
14:57:52 INFO  : Disconnected from the channel tcfchan#5.
14:57:53 INFO  : Connected to target on host '127.0.0.1' and port '3121'.
14:58:02 INFO  : ----------------XSDB Script----------------
connect -url tcp:127.0.0.1:3121
----------------End of Script----------------

14:58:02 ERROR : Could not find FPGA device on the board for connection 'Local'.


Troubleshooting hints:
1. Check whether board is connected to system properly.
2. In case of zynq board, check whether Digilent/Xilinx cable switch settings are correct.
3. If you are using Xilinx Platform Cable USB, ensure that status LED is green.
14:58:07 INFO  : Connected to target on host '127.0.0.1' and port '3121'.
14:58:07 INFO  : Jtag cable 'Digilent Nexys A7 -100T 210292BB2FBAA' is selected.
14:58:07 INFO  : 'jtag frequency' command is executed.
14:58:07 INFO  : 'targets -set -filter {jtag_cable_name =~ "Digilent Nexys A7 -100T 210292BB2FBAA" && level==0 && jtag_device_ctx=="jsn-Nexys A7 -100T-210292BB2FBAA-13631093-0"}' command is executed.
14:58:09 INFO  : Device configured successfully with "C:/SimpleLock/Vitis9/DLapp9/_ide/bitstream/download.bit"
14:58:09 INFO  : Context for processor 'microblaze_0' is selected.
14:58:09 INFO  : Hardware design and registers information is loaded from 'C:/SimpleLock/Vitis9/DLplatform9/export/DLplatform9/hw/embsys9_wrapper.xsa'.
14:58:09 INFO  : 'configparams mdm-detect-bscan-mask 2' command is executed.
14:58:09 INFO  : Context for processor 'microblaze_0' is selected.
14:58:09 INFO  : System reset is completed.
14:58:12 INFO  : 'after 3000' command is executed.
14:58:12 INFO  : Context for processor 'microblaze_0' is selected.
14:58:12 INFO  : The application 'C:/SimpleLock/Vitis9/DLapp9/Debug/DLapp9.elf' is downloaded to processor 'microblaze_0'.
14:58:12 INFO  : ----------------XSDB Script----------------
connect -url tcp:127.0.0.1:3121
targets -set -filter {jtag_cable_name =~ "Digilent Nexys A7 -100T 210292BB2FBAA" && level==0 && jtag_device_ctx=="jsn-Nexys A7 -100T-210292BB2FBAA-13631093-0"}
fpga -file C:/SimpleLock/Vitis9/DLapp9/_ide/bitstream/download.bit
targets -set -nocase -filter {name =~ "*microblaze*#0" && bscan=="USER2" }
loadhw -hw C:/SimpleLock/Vitis9/DLplatform9/export/DLplatform9/hw/embsys9_wrapper.xsa -regs
configparams mdm-detect-bscan-mask 2
targets -set -nocase -filter {name =~ "*microblaze*#0" && bscan=="USER2" }
rst -system
after 3000
targets -set -nocase -filter {name =~ "*microblaze*#0" && bscan=="USER2" }
dow C:/SimpleLock/Vitis9/DLapp9/Debug/DLapp9.elf
----------------End of Script----------------

14:58:12 INFO  : Context for processor 'microblaze_0' is selected.
14:58:12 INFO  : 'con' command is executed.
14:58:12 INFO  : ----------------XSDB Script (After Launch)----------------
targets -set -nocase -filter {name =~ "*microblaze*#0" && bscan=="USER2" }
con
----------------End of Script----------------

14:58:12 INFO  : Launch script is exported to file 'C:\SimpleLock\Vitis9\DLapp9_system\_ide\scripts\debugger_dlapp9-default.tcl'
14:58:26 INFO  : Checking for BSP changes to sync application flags for project 'DLapp9'...
14:58:41 INFO  : Checking for BSP changes to sync application flags for project 'DLapp9'...
14:59:45 INFO  : Checking for BSP changes to sync application flags for project 'DLapp9'...
15:00:01 INFO  : Checking for BSP changes to sync application flags for project 'DLapp9'...
15:00:07 INFO  : Disconnected from the channel tcfchan#6.
15:00:08 INFO  : Connected to target on host '127.0.0.1' and port '3121'.
15:00:08 INFO  : Jtag cable 'Digilent Nexys A7 -100T 210292BB2FBAA' is selected.
15:00:08 INFO  : 'jtag frequency' command is executed.
15:00:08 INFO  : 'targets -set -filter {jtag_cable_name =~ "Digilent Nexys A7 -100T 210292BB2FBAA" && level==0 && jtag_device_ctx=="jsn-Nexys A7 -100T-210292BB2FBAA-13631093-0"}' command is executed.
15:00:10 INFO  : Device configured successfully with "C:/SimpleLock/Vitis9/DLapp9/_ide/bitstream/download.bit"
15:00:10 INFO  : Context for processor 'microblaze_0' is selected.
15:00:10 INFO  : Hardware design and registers information is loaded from 'C:/SimpleLock/Vitis9/DLplatform9/export/DLplatform9/hw/embsys9_wrapper.xsa'.
15:00:10 INFO  : 'configparams mdm-detect-bscan-mask 2' command is executed.
15:00:10 INFO  : Context for processor 'microblaze_0' is selected.
15:00:10 INFO  : System reset is completed.
15:00:13 INFO  : 'after 3000' command is executed.
15:00:13 INFO  : Context for processor 'microblaze_0' is selected.
15:00:13 INFO  : The application 'C:/SimpleLock/Vitis9/DLapp9/Debug/DLapp9.elf' is downloaded to processor 'microblaze_0'.
15:00:13 INFO  : ----------------XSDB Script----------------
connect -url tcp:127.0.0.1:3121
targets -set -filter {jtag_cable_name =~ "Digilent Nexys A7 -100T 210292BB2FBAA" && level==0 && jtag_device_ctx=="jsn-Nexys A7 -100T-210292BB2FBAA-13631093-0"}
fpga -file C:/SimpleLock/Vitis9/DLapp9/_ide/bitstream/download.bit
targets -set -nocase -filter {name =~ "*microblaze*#0" && bscan=="USER2" }
loadhw -hw C:/SimpleLock/Vitis9/DLplatform9/export/DLplatform9/hw/embsys9_wrapper.xsa -regs
configparams mdm-detect-bscan-mask 2
targets -set -nocase -filter {name =~ "*microblaze*#0" && bscan=="USER2" }
rst -system
after 3000
targets -set -nocase -filter {name =~ "*microblaze*#0" && bscan=="USER2" }
dow C:/SimpleLock/Vitis9/DLapp9/Debug/DLapp9.elf
----------------End of Script----------------

15:00:13 INFO  : Context for processor 'microblaze_0' is selected.
15:00:13 INFO  : 'con' command is executed.
15:00:13 INFO  : ----------------XSDB Script (After Launch)----------------
targets -set -nocase -filter {name =~ "*microblaze*#0" && bscan=="USER2" }
con
----------------End of Script----------------

15:00:13 INFO  : Launch script is exported to file 'C:\SimpleLock\Vitis9\DLapp9_system\_ide\scripts\debugger_dlapp9-default.tcl'
15:03:19 INFO  : Checking for BSP changes to sync application flags for project 'DLapp9'...
15:03:24 INFO  : Disconnected from the channel tcfchan#7.
15:03:25 INFO  : Connected to target on host '127.0.0.1' and port '3121'.
15:03:25 INFO  : Jtag cable 'Digilent Nexys A7 -100T 210292BB2FBAA' is selected.
15:03:25 INFO  : 'jtag frequency' command is executed.
15:03:25 INFO  : 'targets -set -filter {jtag_cable_name =~ "Digilent Nexys A7 -100T 210292BB2FBAA" && level==0 && jtag_device_ctx=="jsn-Nexys A7 -100T-210292BB2FBAA-13631093-0"}' command is executed.
15:03:27 INFO  : Device configured successfully with "C:/SimpleLock/Vitis9/DLapp9/_ide/bitstream/download.bit"
15:03:27 INFO  : Context for processor 'microblaze_0' is selected.
15:03:27 INFO  : Hardware design and registers information is loaded from 'C:/SimpleLock/Vitis9/DLplatform9/export/DLplatform9/hw/embsys9_wrapper.xsa'.
15:03:27 INFO  : 'configparams mdm-detect-bscan-mask 2' command is executed.
15:03:27 INFO  : Context for processor 'microblaze_0' is selected.
15:03:27 INFO  : System reset is completed.
15:03:30 INFO  : 'after 3000' command is executed.
15:03:30 INFO  : Context for processor 'microblaze_0' is selected.
15:03:30 INFO  : The application 'C:/SimpleLock/Vitis9/DLapp9/Debug/DLapp9.elf' is downloaded to processor 'microblaze_0'.
15:03:30 INFO  : ----------------XSDB Script----------------
connect -url tcp:127.0.0.1:3121
targets -set -filter {jtag_cable_name =~ "Digilent Nexys A7 -100T 210292BB2FBAA" && level==0 && jtag_device_ctx=="jsn-Nexys A7 -100T-210292BB2FBAA-13631093-0"}
fpga -file C:/SimpleLock/Vitis9/DLapp9/_ide/bitstream/download.bit
targets -set -nocase -filter {name =~ "*microblaze*#0" && bscan=="USER2" }
loadhw -hw C:/SimpleLock/Vitis9/DLplatform9/export/DLplatform9/hw/embsys9_wrapper.xsa -regs
configparams mdm-detect-bscan-mask 2
targets -set -nocase -filter {name =~ "*microblaze*#0" && bscan=="USER2" }
rst -system
after 3000
targets -set -nocase -filter {name =~ "*microblaze*#0" && bscan=="USER2" }
dow C:/SimpleLock/Vitis9/DLapp9/Debug/DLapp9.elf
----------------End of Script----------------

15:03:30 INFO  : Context for processor 'microblaze_0' is selected.
15:03:30 INFO  : 'con' command is executed.
15:03:30 INFO  : ----------------XSDB Script (After Launch)----------------
targets -set -nocase -filter {name =~ "*microblaze*#0" && bscan=="USER2" }
con
----------------End of Script----------------

15:03:30 INFO  : Launch script is exported to file 'C:\SimpleLock\Vitis9\DLapp9_system\_ide\scripts\debugger_dlapp9-default.tcl'
15:03:43 INFO  : Checking for BSP changes to sync application flags for project 'DLapp9'...
15:07:58 INFO  : Disconnected from the channel tcfchan#8.
15:07:59 INFO  : Connected to target on host '127.0.0.1' and port '3121'.
15:08:08 INFO  : ----------------XSDB Script----------------
connect -url tcp:127.0.0.1:3121
----------------End of Script----------------

15:08:08 ERROR : Could not find FPGA device on the board for connection 'Local'.


Troubleshooting hints:
1. Check whether board is connected to system properly.
2. In case of zynq board, check whether Digilent/Xilinx cable switch settings are correct.
3. If you are using Xilinx Platform Cable USB, ensure that status LED is green.
15:08:18 INFO  : Connected to target on host '127.0.0.1' and port '3121'.
15:08:18 INFO  : Jtag cable 'Digilent Nexys A7 -100T 210292BB2FBAA' is selected.
15:08:18 INFO  : 'jtag frequency' command is executed.
15:08:18 INFO  : 'targets -set -filter {jtag_cable_name =~ "Digilent Nexys A7 -100T 210292BB2FBAA" && level==0 && jtag_device_ctx=="jsn-Nexys A7 -100T-210292BB2FBAA-13631093-0"}' command is executed.
15:08:20 INFO  : Device configured successfully with "C:/SimpleLock/Vitis9/DLapp9/_ide/bitstream/download.bit"
15:08:20 INFO  : Context for processor 'microblaze_0' is selected.
15:08:20 INFO  : Hardware design and registers information is loaded from 'C:/SimpleLock/Vitis9/DLplatform9/export/DLplatform9/hw/embsys9_wrapper.xsa'.
15:08:20 INFO  : 'configparams mdm-detect-bscan-mask 2' command is executed.
15:08:21 INFO  : Context for processor 'microblaze_0' is selected.
15:08:21 INFO  : System reset is completed.
15:08:24 INFO  : 'after 3000' command is executed.
15:08:24 INFO  : Context for processor 'microblaze_0' is selected.
15:08:24 INFO  : The application 'C:/SimpleLock/Vitis9/DLapp9/Debug/DLapp9.elf' is downloaded to processor 'microblaze_0'.
15:08:24 INFO  : ----------------XSDB Script----------------
connect -url tcp:127.0.0.1:3121
targets -set -filter {jtag_cable_name =~ "Digilent Nexys A7 -100T 210292BB2FBAA" && level==0 && jtag_device_ctx=="jsn-Nexys A7 -100T-210292BB2FBAA-13631093-0"}
fpga -file C:/SimpleLock/Vitis9/DLapp9/_ide/bitstream/download.bit
targets -set -nocase -filter {name =~ "*microblaze*#0" && bscan=="USER2" }
loadhw -hw C:/SimpleLock/Vitis9/DLplatform9/export/DLplatform9/hw/embsys9_wrapper.xsa -regs
configparams mdm-detect-bscan-mask 2
targets -set -nocase -filter {name =~ "*microblaze*#0" && bscan=="USER2" }
rst -system
after 3000
targets -set -nocase -filter {name =~ "*microblaze*#0" && bscan=="USER2" }
dow C:/SimpleLock/Vitis9/DLapp9/Debug/DLapp9.elf
----------------End of Script----------------

15:08:24 INFO  : Context for processor 'microblaze_0' is selected.
15:08:24 INFO  : 'con' command is executed.
15:08:24 INFO  : ----------------XSDB Script (After Launch)----------------
targets -set -nocase -filter {name =~ "*microblaze*#0" && bscan=="USER2" }
con
----------------End of Script----------------

15:08:24 INFO  : Launch script is exported to file 'C:\SimpleLock\Vitis9\DLapp9_system\_ide\scripts\debugger_dlapp9-default.tcl'
15:10:29 INFO  : Disconnected from the channel tcfchan#9.
15:10:30 INFO  : Connected to target on host '127.0.0.1' and port '3121'.
15:10:39 INFO  : ----------------XSDB Script----------------
connect -url tcp:127.0.0.1:3121
----------------End of Script----------------

15:10:39 ERROR : Could not find FPGA device on the board for connection 'Local'.


Troubleshooting hints:
1. Check whether board is connected to system properly.
2. In case of zynq board, check whether Digilent/Xilinx cable switch settings are correct.
3. If you are using Xilinx Platform Cable USB, ensure that status LED is green.
15:10:41 INFO  : Connected to target on host '127.0.0.1' and port '3121'.
15:10:41 INFO  : Jtag cable 'Digilent Nexys A7 -100T 210292BB2FBAA' is selected.
15:10:41 INFO  : 'jtag frequency' command is executed.
15:10:41 INFO  : 'targets -set -filter {jtag_cable_name =~ "Digilent Nexys A7 -100T 210292BB2FBAA" && level==0 && jtag_device_ctx=="jsn-Nexys A7 -100T-210292BB2FBAA-13631093-0"}' command is executed.
15:10:44 INFO  : Device configured successfully with "C:/SimpleLock/Vitis9/DLapp9/_ide/bitstream/download.bit"
15:10:44 INFO  : Context for processor 'microblaze_0' is selected.
15:10:44 INFO  : Hardware design and registers information is loaded from 'C:/SimpleLock/Vitis9/DLplatform9/export/DLplatform9/hw/embsys9_wrapper.xsa'.
15:10:44 INFO  : 'configparams mdm-detect-bscan-mask 2' command is executed.
15:10:44 INFO  : Context for processor 'microblaze_0' is selected.
15:10:44 INFO  : System reset is completed.
15:10:47 INFO  : 'after 3000' command is executed.
15:10:47 INFO  : Context for processor 'microblaze_0' is selected.
15:10:47 INFO  : The application 'C:/SimpleLock/Vitis9/DLapp9/Debug/DLapp9.elf' is downloaded to processor 'microblaze_0'.
15:10:47 INFO  : ----------------XSDB Script----------------
connect -url tcp:127.0.0.1:3121
targets -set -filter {jtag_cable_name =~ "Digilent Nexys A7 -100T 210292BB2FBAA" && level==0 && jtag_device_ctx=="jsn-Nexys A7 -100T-210292BB2FBAA-13631093-0"}
fpga -file C:/SimpleLock/Vitis9/DLapp9/_ide/bitstream/download.bit
targets -set -nocase -filter {name =~ "*microblaze*#0" && bscan=="USER2" }
loadhw -hw C:/SimpleLock/Vitis9/DLplatform9/export/DLplatform9/hw/embsys9_wrapper.xsa -regs
configparams mdm-detect-bscan-mask 2
targets -set -nocase -filter {name =~ "*microblaze*#0" && bscan=="USER2" }
rst -system
after 3000
targets -set -nocase -filter {name =~ "*microblaze*#0" && bscan=="USER2" }
dow C:/SimpleLock/Vitis9/DLapp9/Debug/DLapp9.elf
----------------End of Script----------------

15:10:47 INFO  : Context for processor 'microblaze_0' is selected.
15:10:47 INFO  : 'con' command is executed.
15:10:47 INFO  : ----------------XSDB Script (After Launch)----------------
targets -set -nocase -filter {name =~ "*microblaze*#0" && bscan=="USER2" }
con
----------------End of Script----------------

15:10:47 INFO  : Launch script is exported to file 'C:\SimpleLock\Vitis9\DLapp9_system\_ide\scripts\debugger_dlapp9-default.tcl'
15:11:30 INFO  : Disconnected from the channel tcfchan#10.
15:11:31 INFO  : Connected to target on host '127.0.0.1' and port '3121'.
15:11:31 INFO  : Jtag cable 'Digilent Nexys A7 -100T 210292BB2FBAA' is selected.
15:11:31 INFO  : 'jtag frequency' command is executed.
15:11:31 INFO  : 'targets -set -filter {jtag_cable_name =~ "Digilent Nexys A7 -100T 210292BB2FBAA" && level==0 && jtag_device_ctx=="jsn-Nexys A7 -100T-210292BB2FBAA-13631093-0"}' command is executed.
15:11:34 INFO  : Device configured successfully with "C:/SimpleLock/Vitis9/DLapp9/_ide/bitstream/download.bit"
15:11:34 INFO  : Context for processor 'microblaze_0' is selected.
15:11:34 INFO  : Hardware design and registers information is loaded from 'C:/SimpleLock/Vitis9/DLplatform9/export/DLplatform9/hw/embsys9_wrapper.xsa'.
15:11:34 INFO  : 'configparams mdm-detect-bscan-mask 2' command is executed.
15:11:34 INFO  : Context for processor 'microblaze_0' is selected.
15:11:34 INFO  : System reset is completed.
15:11:37 INFO  : 'after 3000' command is executed.
15:11:37 INFO  : Context for processor 'microblaze_0' is selected.
15:11:37 INFO  : The application 'C:/SimpleLock/Vitis9/DLapp9/Debug/DLapp9.elf' is downloaded to processor 'microblaze_0'.
15:11:37 INFO  : ----------------XSDB Script----------------
connect -url tcp:127.0.0.1:3121
targets -set -filter {jtag_cable_name =~ "Digilent Nexys A7 -100T 210292BB2FBAA" && level==0 && jtag_device_ctx=="jsn-Nexys A7 -100T-210292BB2FBAA-13631093-0"}
fpga -file C:/SimpleLock/Vitis9/DLapp9/_ide/bitstream/download.bit
targets -set -nocase -filter {name =~ "*microblaze*#0" && bscan=="USER2" }
loadhw -hw C:/SimpleLock/Vitis9/DLplatform9/export/DLplatform9/hw/embsys9_wrapper.xsa -regs
configparams mdm-detect-bscan-mask 2
targets -set -nocase -filter {name =~ "*microblaze*#0" && bscan=="USER2" }
rst -system
after 3000
targets -set -nocase -filter {name =~ "*microblaze*#0" && bscan=="USER2" }
dow C:/SimpleLock/Vitis9/DLapp9/Debug/DLapp9.elf
----------------End of Script----------------

15:11:37 INFO  : Context for processor 'microblaze_0' is selected.
15:11:37 INFO  : 'con' command is executed.
15:11:37 INFO  : ----------------XSDB Script (After Launch)----------------
targets -set -nocase -filter {name =~ "*microblaze*#0" && bscan=="USER2" }
con
----------------End of Script----------------

15:11:37 INFO  : Launch script is exported to file 'C:\SimpleLock\Vitis9\DLapp9_system\_ide\scripts\debugger_dlapp9-default.tcl'
15:11:50 INFO  : Disconnected from the channel tcfchan#11.
15:11:51 INFO  : Connected to target on host '127.0.0.1' and port '3121'.
15:11:51 INFO  : Jtag cable 'Digilent Nexys A7 -100T 210292BB2FBAA' is selected.
15:11:51 INFO  : 'jtag frequency' command is executed.
15:11:51 INFO  : 'targets -set -filter {jtag_cable_name =~ "Digilent Nexys A7 -100T 210292BB2FBAA" && level==0 && jtag_device_ctx=="jsn-Nexys A7 -100T-210292BB2FBAA-13631093-0"}' command is executed.
15:11:53 INFO  : Device configured successfully with "C:/SimpleLock/Vitis9/DLapp9/_ide/bitstream/download.bit"
15:11:53 INFO  : Context for processor 'microblaze_0' is selected.
15:11:53 INFO  : Hardware design and registers information is loaded from 'C:/SimpleLock/Vitis9/DLplatform9/export/DLplatform9/hw/embsys9_wrapper.xsa'.
15:11:54 INFO  : 'configparams mdm-detect-bscan-mask 2' command is executed.
15:11:54 INFO  : Context for processor 'microblaze_0' is selected.
15:11:54 INFO  : System reset is completed.
15:11:57 INFO  : 'after 3000' command is executed.
15:11:57 INFO  : Context for processor 'microblaze_0' is selected.
15:11:57 INFO  : The application 'C:/SimpleLock/Vitis9/DLapp9/Debug/DLapp9.elf' is downloaded to processor 'microblaze_0'.
15:11:57 INFO  : ----------------XSDB Script----------------
connect -url tcp:127.0.0.1:3121
targets -set -filter {jtag_cable_name =~ "Digilent Nexys A7 -100T 210292BB2FBAA" && level==0 && jtag_device_ctx=="jsn-Nexys A7 -100T-210292BB2FBAA-13631093-0"}
fpga -file C:/SimpleLock/Vitis9/DLapp9/_ide/bitstream/download.bit
targets -set -nocase -filter {name =~ "*microblaze*#0" && bscan=="USER2" }
loadhw -hw C:/SimpleLock/Vitis9/DLplatform9/export/DLplatform9/hw/embsys9_wrapper.xsa -regs
configparams mdm-detect-bscan-mask 2
targets -set -nocase -filter {name =~ "*microblaze*#0" && bscan=="USER2" }
rst -system
after 3000
targets -set -nocase -filter {name =~ "*microblaze*#0" && bscan=="USER2" }
dow C:/SimpleLock/Vitis9/DLapp9/Debug/DLapp9.elf
----------------End of Script----------------

15:11:57 INFO  : Context for processor 'microblaze_0' is selected.
15:11:57 INFO  : 'con' command is executed.
15:11:57 INFO  : ----------------XSDB Script (After Launch)----------------
targets -set -nocase -filter {name =~ "*microblaze*#0" && bscan=="USER2" }
con
----------------End of Script----------------

15:11:57 INFO  : Launch script is exported to file 'C:\SimpleLock\Vitis9\DLapp9_system\_ide\scripts\debugger_dlapp9-default.tcl'
15:12:16 INFO  : Checking for BSP changes to sync application flags for project 'DLapp9'...
15:12:25 INFO  : Disconnected from the channel tcfchan#12.
15:12:26 INFO  : Connected to target on host '127.0.0.1' and port '3121'.
15:12:26 INFO  : Jtag cable 'Digilent Nexys A7 -100T 210292BB2FBAA' is selected.
15:12:26 INFO  : 'jtag frequency' command is executed.
15:12:27 INFO  : 'targets -set -filter {jtag_cable_name =~ "Digilent Nexys A7 -100T 210292BB2FBAA" && level==0 && jtag_device_ctx=="jsn-Nexys A7 -100T-210292BB2FBAA-13631093-0"}' command is executed.
15:12:29 INFO  : Device configured successfully with "C:/SimpleLock/Vitis9/DLapp9/_ide/bitstream/download.bit"
15:12:29 INFO  : Context for processor 'microblaze_0' is selected.
15:12:29 INFO  : Hardware design and registers information is loaded from 'C:/SimpleLock/Vitis9/DLplatform9/export/DLplatform9/hw/embsys9_wrapper.xsa'.
15:12:29 INFO  : 'configparams mdm-detect-bscan-mask 2' command is executed.
15:12:29 INFO  : Context for processor 'microblaze_0' is selected.
15:12:29 INFO  : System reset is completed.
15:12:32 INFO  : 'after 3000' command is executed.
15:12:32 INFO  : Context for processor 'microblaze_0' is selected.
15:12:32 INFO  : The application 'C:/SimpleLock/Vitis9/DLapp9/Debug/DLapp9.elf' is downloaded to processor 'microblaze_0'.
15:12:32 INFO  : ----------------XSDB Script----------------
connect -url tcp:127.0.0.1:3121
targets -set -filter {jtag_cable_name =~ "Digilent Nexys A7 -100T 210292BB2FBAA" && level==0 && jtag_device_ctx=="jsn-Nexys A7 -100T-210292BB2FBAA-13631093-0"}
fpga -file C:/SimpleLock/Vitis9/DLapp9/_ide/bitstream/download.bit
targets -set -nocase -filter {name =~ "*microblaze*#0" && bscan=="USER2" }
loadhw -hw C:/SimpleLock/Vitis9/DLplatform9/export/DLplatform9/hw/embsys9_wrapper.xsa -regs
configparams mdm-detect-bscan-mask 2
targets -set -nocase -filter {name =~ "*microblaze*#0" && bscan=="USER2" }
rst -system
after 3000
targets -set -nocase -filter {name =~ "*microblaze*#0" && bscan=="USER2" }
dow C:/SimpleLock/Vitis9/DLapp9/Debug/DLapp9.elf
----------------End of Script----------------

15:12:32 INFO  : Context for processor 'microblaze_0' is selected.
15:12:32 INFO  : 'con' command is executed.
15:12:32 INFO  : ----------------XSDB Script (After Launch)----------------
targets -set -nocase -filter {name =~ "*microblaze*#0" && bscan=="USER2" }
con
----------------End of Script----------------

15:12:32 INFO  : Launch script is exported to file 'C:\SimpleLock\Vitis9\DLapp9_system\_ide\scripts\debugger_dlapp9-default.tcl'
15:12:58 INFO  : Checking for BSP changes to sync application flags for project 'DLapp9'...
15:13:01 INFO  : Disconnected from the channel tcfchan#13.
15:13:02 INFO  : Connected to target on host '127.0.0.1' and port '3121'.
15:13:02 INFO  : Jtag cable 'Digilent Nexys A7 -100T 210292BB2FBAA' is selected.
15:13:02 INFO  : 'jtag frequency' command is executed.
15:13:03 INFO  : 'targets -set -filter {jtag_cable_name =~ "Digilent Nexys A7 -100T 210292BB2FBAA" && level==0 && jtag_device_ctx=="jsn-Nexys A7 -100T-210292BB2FBAA-13631093-0"}' command is executed.
15:13:05 INFO  : Device configured successfully with "C:/SimpleLock/Vitis9/DLapp9/_ide/bitstream/download.bit"
15:13:05 INFO  : Context for processor 'microblaze_0' is selected.
15:13:05 INFO  : Hardware design and registers information is loaded from 'C:/SimpleLock/Vitis9/DLplatform9/export/DLplatform9/hw/embsys9_wrapper.xsa'.
15:13:05 INFO  : 'configparams mdm-detect-bscan-mask 2' command is executed.
15:13:05 INFO  : Context for processor 'microblaze_0' is selected.
15:13:05 INFO  : System reset is completed.
15:13:08 INFO  : 'after 3000' command is executed.
15:13:08 INFO  : Context for processor 'microblaze_0' is selected.
15:13:08 INFO  : The application 'C:/SimpleLock/Vitis9/DLapp9/Debug/DLapp9.elf' is downloaded to processor 'microblaze_0'.
15:13:08 INFO  : ----------------XSDB Script----------------
connect -url tcp:127.0.0.1:3121
targets -set -filter {jtag_cable_name =~ "Digilent Nexys A7 -100T 210292BB2FBAA" && level==0 && jtag_device_ctx=="jsn-Nexys A7 -100T-210292BB2FBAA-13631093-0"}
fpga -file C:/SimpleLock/Vitis9/DLapp9/_ide/bitstream/download.bit
targets -set -nocase -filter {name =~ "*microblaze*#0" && bscan=="USER2" }
loadhw -hw C:/SimpleLock/Vitis9/DLplatform9/export/DLplatform9/hw/embsys9_wrapper.xsa -regs
configparams mdm-detect-bscan-mask 2
targets -set -nocase -filter {name =~ "*microblaze*#0" && bscan=="USER2" }
rst -system
after 3000
targets -set -nocase -filter {name =~ "*microblaze*#0" && bscan=="USER2" }
dow C:/SimpleLock/Vitis9/DLapp9/Debug/DLapp9.elf
----------------End of Script----------------

15:13:08 INFO  : Context for processor 'microblaze_0' is selected.
15:13:08 INFO  : 'con' command is executed.
15:13:08 INFO  : ----------------XSDB Script (After Launch)----------------
targets -set -nocase -filter {name =~ "*microblaze*#0" && bscan=="USER2" }
con
----------------End of Script----------------

15:13:08 INFO  : Launch script is exported to file 'C:\SimpleLock\Vitis9\DLapp9_system\_ide\scripts\debugger_dlapp9-default.tcl'
15:13:35 INFO  : Checking for BSP changes to sync application flags for project 'DLapp9'...
15:13:38 INFO  : Disconnected from the channel tcfchan#14.
15:13:39 INFO  : Connected to target on host '127.0.0.1' and port '3121'.
15:13:40 INFO  : Jtag cable 'Digilent Nexys A7 -100T 210292BB2FBAA' is selected.
15:13:40 INFO  : 'jtag frequency' command is executed.
15:13:40 INFO  : 'targets -set -filter {jtag_cable_name =~ "Digilent Nexys A7 -100T 210292BB2FBAA" && level==0 && jtag_device_ctx=="jsn-Nexys A7 -100T-210292BB2FBAA-13631093-0"}' command is executed.
15:13:42 INFO  : Device configured successfully with "C:/SimpleLock/Vitis9/DLapp9/_ide/bitstream/download.bit"
15:13:42 INFO  : Context for processor 'microblaze_0' is selected.
15:13:42 INFO  : Hardware design and registers information is loaded from 'C:/SimpleLock/Vitis9/DLplatform9/export/DLplatform9/hw/embsys9_wrapper.xsa'.
15:13:42 INFO  : 'configparams mdm-detect-bscan-mask 2' command is executed.
15:13:42 INFO  : Context for processor 'microblaze_0' is selected.
15:13:42 INFO  : System reset is completed.
15:13:45 INFO  : 'after 3000' command is executed.
15:13:45 INFO  : Context for processor 'microblaze_0' is selected.
15:13:45 INFO  : The application 'C:/SimpleLock/Vitis9/DLapp9/Debug/DLapp9.elf' is downloaded to processor 'microblaze_0'.
15:13:45 INFO  : ----------------XSDB Script----------------
connect -url tcp:127.0.0.1:3121
targets -set -filter {jtag_cable_name =~ "Digilent Nexys A7 -100T 210292BB2FBAA" && level==0 && jtag_device_ctx=="jsn-Nexys A7 -100T-210292BB2FBAA-13631093-0"}
fpga -file C:/SimpleLock/Vitis9/DLapp9/_ide/bitstream/download.bit
targets -set -nocase -filter {name =~ "*microblaze*#0" && bscan=="USER2" }
loadhw -hw C:/SimpleLock/Vitis9/DLplatform9/export/DLplatform9/hw/embsys9_wrapper.xsa -regs
configparams mdm-detect-bscan-mask 2
targets -set -nocase -filter {name =~ "*microblaze*#0" && bscan=="USER2" }
rst -system
after 3000
targets -set -nocase -filter {name =~ "*microblaze*#0" && bscan=="USER2" }
dow C:/SimpleLock/Vitis9/DLapp9/Debug/DLapp9.elf
----------------End of Script----------------

15:13:45 INFO  : Context for processor 'microblaze_0' is selected.
15:13:45 INFO  : 'con' command is executed.
15:13:45 INFO  : ----------------XSDB Script (After Launch)----------------
targets -set -nocase -filter {name =~ "*microblaze*#0" && bscan=="USER2" }
con
----------------End of Script----------------

15:13:45 INFO  : Launch script is exported to file 'C:\SimpleLock\Vitis9\DLapp9_system\_ide\scripts\debugger_dlapp9-default.tcl'
15:14:47 INFO  : Disconnected from the channel tcfchan#15.
15:14:48 INFO  : Connected to target on host '127.0.0.1' and port '3121'.
15:14:57 INFO  : ----------------XSDB Script----------------
connect -url tcp:127.0.0.1:3121
----------------End of Script----------------

15:14:57 ERROR : Could not find FPGA device on the board for connection 'Local'.


Troubleshooting hints:
1. Check whether board is connected to system properly.
2. In case of zynq board, check whether Digilent/Xilinx cable switch settings are correct.
3. If you are using Xilinx Platform Cable USB, ensure that status LED is green.
15:15:00 INFO  : Connected to target on host '127.0.0.1' and port '3121'.
15:15:00 INFO  : Jtag cable 'Digilent Nexys A7 -100T 210292BB2FBAA' is selected.
15:15:00 INFO  : 'jtag frequency' command is executed.
15:15:00 INFO  : 'targets -set -filter {jtag_cable_name =~ "Digilent Nexys A7 -100T 210292BB2FBAA" && level==0 && jtag_device_ctx=="jsn-Nexys A7 -100T-210292BB2FBAA-13631093-0"}' command is executed.
15:15:02 INFO  : Device configured successfully with "C:/SimpleLock/Vitis9/DLapp9/_ide/bitstream/download.bit"
15:15:02 INFO  : Context for processor 'microblaze_0' is selected.
15:15:02 INFO  : Hardware design and registers information is loaded from 'C:/SimpleLock/Vitis9/DLplatform9/export/DLplatform9/hw/embsys9_wrapper.xsa'.
15:15:02 INFO  : 'configparams mdm-detect-bscan-mask 2' command is executed.
15:15:02 INFO  : Context for processor 'microblaze_0' is selected.
15:15:02 INFO  : System reset is completed.
15:15:05 INFO  : 'after 3000' command is executed.
15:15:05 INFO  : Context for processor 'microblaze_0' is selected.
15:15:05 INFO  : The application 'C:/SimpleLock/Vitis9/DLapp9/Debug/DLapp9.elf' is downloaded to processor 'microblaze_0'.
15:15:05 INFO  : ----------------XSDB Script----------------
connect -url tcp:127.0.0.1:3121
targets -set -filter {jtag_cable_name =~ "Digilent Nexys A7 -100T 210292BB2FBAA" && level==0 && jtag_device_ctx=="jsn-Nexys A7 -100T-210292BB2FBAA-13631093-0"}
fpga -file C:/SimpleLock/Vitis9/DLapp9/_ide/bitstream/download.bit
targets -set -nocase -filter {name =~ "*microblaze*#0" && bscan=="USER2" }
loadhw -hw C:/SimpleLock/Vitis9/DLplatform9/export/DLplatform9/hw/embsys9_wrapper.xsa -regs
configparams mdm-detect-bscan-mask 2
targets -set -nocase -filter {name =~ "*microblaze*#0" && bscan=="USER2" }
rst -system
after 3000
targets -set -nocase -filter {name =~ "*microblaze*#0" && bscan=="USER2" }
dow C:/SimpleLock/Vitis9/DLapp9/Debug/DLapp9.elf
----------------End of Script----------------

15:15:05 INFO  : Context for processor 'microblaze_0' is selected.
15:15:05 INFO  : 'con' command is executed.
15:15:05 INFO  : ----------------XSDB Script (After Launch)----------------
targets -set -nocase -filter {name =~ "*microblaze*#0" && bscan=="USER2" }
con
----------------End of Script----------------

15:15:05 INFO  : Launch script is exported to file 'C:\SimpleLock\Vitis9\DLapp9_system\_ide\scripts\debugger_dlapp9-default.tcl'
15:15:11 INFO  : Checking for BSP changes to sync application flags for project 'DLapp9'...
15:32:04 INFO  : Disconnected from the channel tcfchan#16.
15:32:05 INFO  : Connected to target on host '127.0.0.1' and port '3121'.
15:32:05 INFO  : Jtag cable 'Digilent Nexys A7 -100T 210292BB2FBAA' is selected.
15:32:05 INFO  : 'jtag frequency' command is executed.
15:32:05 INFO  : 'targets -set -filter {jtag_cable_name =~ "Digilent Nexys A7 -100T 210292BB2FBAA" && level==0 && jtag_device_ctx=="jsn-Nexys A7 -100T-210292BB2FBAA-13631093-0"}' command is executed.
15:32:08 INFO  : Device configured successfully with "C:/SimpleLock/Vitis9/DLapp9/_ide/bitstream/download.bit"
15:32:08 INFO  : Context for processor 'microblaze_0' is selected.
15:32:08 INFO  : Hardware design and registers information is loaded from 'C:/SimpleLock/Vitis9/DLplatform9/export/DLplatform9/hw/embsys9_wrapper.xsa'.
15:32:08 INFO  : 'configparams mdm-detect-bscan-mask 2' command is executed.
15:32:08 INFO  : Context for processor 'microblaze_0' is selected.
15:32:08 INFO  : System reset is completed.
15:32:11 INFO  : 'after 3000' command is executed.
15:32:11 INFO  : Context for processor 'microblaze_0' is selected.
15:32:11 INFO  : The application 'C:/SimpleLock/Vitis9/DLapp9/Debug/DLapp9.elf' is downloaded to processor 'microblaze_0'.
15:32:11 INFO  : ----------------XSDB Script----------------
connect -url tcp:127.0.0.1:3121
targets -set -filter {jtag_cable_name =~ "Digilent Nexys A7 -100T 210292BB2FBAA" && level==0 && jtag_device_ctx=="jsn-Nexys A7 -100T-210292BB2FBAA-13631093-0"}
fpga -file C:/SimpleLock/Vitis9/DLapp9/_ide/bitstream/download.bit
targets -set -nocase -filter {name =~ "*microblaze*#0" && bscan=="USER2" }
loadhw -hw C:/SimpleLock/Vitis9/DLplatform9/export/DLplatform9/hw/embsys9_wrapper.xsa -regs
configparams mdm-detect-bscan-mask 2
targets -set -nocase -filter {name =~ "*microblaze*#0" && bscan=="USER2" }
rst -system
after 3000
targets -set -nocase -filter {name =~ "*microblaze*#0" && bscan=="USER2" }
dow C:/SimpleLock/Vitis9/DLapp9/Debug/DLapp9.elf
----------------End of Script----------------

15:32:11 INFO  : Context for processor 'microblaze_0' is selected.
15:32:11 INFO  : 'con' command is executed.
15:32:11 INFO  : ----------------XSDB Script (After Launch)----------------
targets -set -nocase -filter {name =~ "*microblaze*#0" && bscan=="USER2" }
con
----------------End of Script----------------

15:32:11 INFO  : Launch script is exported to file 'C:\SimpleLock\Vitis9\DLapp9_system\_ide\scripts\debugger_dlapp9-default.tcl'
15:36:42 INFO  : Disconnected from the channel tcfchan#17.
15:36:43 INFO  : Connected to target on host '127.0.0.1' and port '3121'.
15:36:43 INFO  : Jtag cable 'Digilent Nexys A7 -100T 210292BB2FBAA' is selected.
15:36:43 INFO  : 'jtag frequency' command is executed.
15:36:43 INFO  : 'targets -set -filter {jtag_cable_name =~ "Digilent Nexys A7 -100T 210292BB2FBAA" && level==0 && jtag_device_ctx=="jsn-Nexys A7 -100T-210292BB2FBAA-13631093-0"}' command is executed.
15:36:46 INFO  : Device configured successfully with "C:/SimpleLock/Vitis9/DLapp9/_ide/bitstream/download.bit"
15:36:46 INFO  : Context for processor 'microblaze_0' is selected.
15:36:46 INFO  : Hardware design and registers information is loaded from 'C:/SimpleLock/Vitis9/DLplatform9/export/DLplatform9/hw/embsys9_wrapper.xsa'.
15:36:46 INFO  : 'configparams mdm-detect-bscan-mask 2' command is executed.
15:36:46 INFO  : Context for processor 'microblaze_0' is selected.
15:36:46 INFO  : System reset is completed.
15:36:49 INFO  : 'after 3000' command is executed.
15:36:49 INFO  : Context for processor 'microblaze_0' is selected.
15:36:49 INFO  : The application 'C:/SimpleLock/Vitis9/DLapp9/Debug/DLapp9.elf' is downloaded to processor 'microblaze_0'.
15:36:49 INFO  : ----------------XSDB Script----------------
connect -url tcp:127.0.0.1:3121
targets -set -filter {jtag_cable_name =~ "Digilent Nexys A7 -100T 210292BB2FBAA" && level==0 && jtag_device_ctx=="jsn-Nexys A7 -100T-210292BB2FBAA-13631093-0"}
fpga -file C:/SimpleLock/Vitis9/DLapp9/_ide/bitstream/download.bit
targets -set -nocase -filter {name =~ "*microblaze*#0" && bscan=="USER2" }
loadhw -hw C:/SimpleLock/Vitis9/DLplatform9/export/DLplatform9/hw/embsys9_wrapper.xsa -regs
configparams mdm-detect-bscan-mask 2
targets -set -nocase -filter {name =~ "*microblaze*#0" && bscan=="USER2" }
rst -system
after 3000
targets -set -nocase -filter {name =~ "*microblaze*#0" && bscan=="USER2" }
dow C:/SimpleLock/Vitis9/DLapp9/Debug/DLapp9.elf
----------------End of Script----------------

15:36:49 INFO  : Context for processor 'microblaze_0' is selected.
15:36:49 INFO  : 'con' command is executed.
15:36:49 INFO  : ----------------XSDB Script (After Launch)----------------
targets -set -nocase -filter {name =~ "*microblaze*#0" && bscan=="USER2" }
con
----------------End of Script----------------

15:36:49 INFO  : Launch script is exported to file 'C:\SimpleLock\Vitis9\DLapp9_system\_ide\scripts\debugger_dlapp9-default.tcl'
15:42:58 INFO  : Disconnected from the channel tcfchan#18.
15:42:59 INFO  : Connected to target on host '127.0.0.1' and port '3121'.
15:42:59 INFO  : Jtag cable 'Digilent Nexys A7 -100T 210292BB2FBAA' is selected.
15:42:59 INFO  : 'jtag frequency' command is executed.
15:43:00 INFO  : 'targets -set -filter {jtag_cable_name =~ "Digilent Nexys A7 -100T 210292BB2FBAA" && level==0 && jtag_device_ctx=="jsn-Nexys A7 -100T-210292BB2FBAA-13631093-0"}' command is executed.
15:43:02 INFO  : Device configured successfully with "C:/SimpleLock/Vitis9/DLapp9/_ide/bitstream/download.bit"
15:43:02 INFO  : Context for processor 'microblaze_0' is selected.
15:43:02 INFO  : Hardware design and registers information is loaded from 'C:/SimpleLock/Vitis9/DLplatform9/export/DLplatform9/hw/embsys9_wrapper.xsa'.
15:43:02 INFO  : 'configparams mdm-detect-bscan-mask 2' command is executed.
15:43:02 INFO  : Context for processor 'microblaze_0' is selected.
15:43:02 INFO  : System reset is completed.
15:43:05 INFO  : 'after 3000' command is executed.
15:43:05 INFO  : Context for processor 'microblaze_0' is selected.
15:43:05 INFO  : The application 'C:/SimpleLock/Vitis9/DLapp9/Debug/DLapp9.elf' is downloaded to processor 'microblaze_0'.
15:43:05 INFO  : ----------------XSDB Script----------------
connect -url tcp:127.0.0.1:3121
targets -set -filter {jtag_cable_name =~ "Digilent Nexys A7 -100T 210292BB2FBAA" && level==0 && jtag_device_ctx=="jsn-Nexys A7 -100T-210292BB2FBAA-13631093-0"}
fpga -file C:/SimpleLock/Vitis9/DLapp9/_ide/bitstream/download.bit
targets -set -nocase -filter {name =~ "*microblaze*#0" && bscan=="USER2" }
loadhw -hw C:/SimpleLock/Vitis9/DLplatform9/export/DLplatform9/hw/embsys9_wrapper.xsa -regs
configparams mdm-detect-bscan-mask 2
targets -set -nocase -filter {name =~ "*microblaze*#0" && bscan=="USER2" }
rst -system
after 3000
targets -set -nocase -filter {name =~ "*microblaze*#0" && bscan=="USER2" }
dow C:/SimpleLock/Vitis9/DLapp9/Debug/DLapp9.elf
----------------End of Script----------------

15:43:05 INFO  : Context for processor 'microblaze_0' is selected.
15:43:05 INFO  : 'con' command is executed.
15:43:05 INFO  : ----------------XSDB Script (After Launch)----------------
targets -set -nocase -filter {name =~ "*microblaze*#0" && bscan=="USER2" }
con
----------------End of Script----------------

15:43:05 INFO  : Launch script is exported to file 'C:\SimpleLock\Vitis9\DLapp9_system\_ide\scripts\debugger_dlapp9-default.tcl'
16:59:05 INFO  : Disconnected from the channel tcfchan#19.
16:59:06 INFO  : Connected to target on host '127.0.0.1' and port '3121'.
16:59:15 INFO  : ----------------XSDB Script----------------
connect -url tcp:127.0.0.1:3121
----------------End of Script----------------

16:59:15 ERROR : Could not find FPGA device on the board for connection 'Local'.


Troubleshooting hints:
1. Check whether board is connected to system properly.
2. In case of zynq board, check whether Digilent/Xilinx cable switch settings are correct.
3. If you are using Xilinx Platform Cable USB, ensure that status LED is green.
16:59:20 INFO  : Connected to target on host '127.0.0.1' and port '3121'.
16:59:20 INFO  : Jtag cable 'Digilent Nexys A7 -100T 210292BB2FBAA' is selected.
16:59:20 INFO  : 'jtag frequency' command is executed.
16:59:21 INFO  : 'targets -set -filter {jtag_cable_name =~ "Digilent Nexys A7 -100T 210292BB2FBAA" && level==0 && jtag_device_ctx=="jsn-Nexys A7 -100T-210292BB2FBAA-13631093-0"}' command is executed.
16:59:23 INFO  : Device configured successfully with "C:/SimpleLock/Vitis9/DLapp9/_ide/bitstream/download.bit"
16:59:23 INFO  : Context for processor 'microblaze_0' is selected.
16:59:23 INFO  : Hardware design and registers information is loaded from 'C:/SimpleLock/Vitis9/DLplatform9/export/DLplatform9/hw/embsys9_wrapper.xsa'.
16:59:23 INFO  : 'configparams mdm-detect-bscan-mask 2' command is executed.
16:59:23 INFO  : Context for processor 'microblaze_0' is selected.
16:59:23 INFO  : System reset is completed.
16:59:26 INFO  : 'after 3000' command is executed.
16:59:26 INFO  : Context for processor 'microblaze_0' is selected.
16:59:26 INFO  : The application 'C:/SimpleLock/Vitis9/DLapp9/Debug/DLapp9.elf' is downloaded to processor 'microblaze_0'.
16:59:26 INFO  : ----------------XSDB Script----------------
connect -url tcp:127.0.0.1:3121
targets -set -filter {jtag_cable_name =~ "Digilent Nexys A7 -100T 210292BB2FBAA" && level==0 && jtag_device_ctx=="jsn-Nexys A7 -100T-210292BB2FBAA-13631093-0"}
fpga -file C:/SimpleLock/Vitis9/DLapp9/_ide/bitstream/download.bit
targets -set -nocase -filter {name =~ "*microblaze*#0" && bscan=="USER2" }
loadhw -hw C:/SimpleLock/Vitis9/DLplatform9/export/DLplatform9/hw/embsys9_wrapper.xsa -regs
configparams mdm-detect-bscan-mask 2
targets -set -nocase -filter {name =~ "*microblaze*#0" && bscan=="USER2" }
rst -system
after 3000
targets -set -nocase -filter {name =~ "*microblaze*#0" && bscan=="USER2" }
dow C:/SimpleLock/Vitis9/DLapp9/Debug/DLapp9.elf
----------------End of Script----------------

16:59:26 INFO  : Context for processor 'microblaze_0' is selected.
16:59:26 INFO  : 'con' command is executed.
16:59:26 INFO  : ----------------XSDB Script (After Launch)----------------
targets -set -nocase -filter {name =~ "*microblaze*#0" && bscan=="USER2" }
con
----------------End of Script----------------

16:59:26 INFO  : Launch script is exported to file 'C:\SimpleLock\Vitis9\DLapp9_system\_ide\scripts\debugger_dlapp9-default.tcl'
17:24:19 INFO  : Hardware specification for platform project 'DLplatform9' is updated.
17:24:41 INFO  : Result from executing command 'getProjects': DLplatform9
17:24:41 INFO  : Result from executing command 'getPlatforms': DLplatform9|C:/SimpleLock/Vitis9/DLplatform9/export/DLplatform9/DLplatform9.xpfm;xilinx_zcu102_base_202220_1|C:/Xilinx/Vitis/2022.2/base_platforms/xilinx_zcu102_base_202220_1/xilinx_zcu102_base_202220_1.xpfm;xilinx_zcu102_base_dfx_202220_1|C:/Xilinx/Vitis/2022.2/base_platforms/xilinx_zcu102_base_dfx_202220_1/xilinx_zcu102_base_dfx_202220_1.xpfm;xilinx_zcu104_base_202220_1|C:/Xilinx/Vitis/2022.2/base_platforms/xilinx_zcu104_base_202220_1/xilinx_zcu104_base_202220_1.xpfm
17:24:42 INFO  : Checking for BSP changes to sync application flags for project 'DLapp9'...
17:25:52 INFO  : Bit file 'C:/SimpleLock/Vitis9/DLapp9/_ide/bitstream/download.bit' is generated.
17:26:22 INFO  : Bit file 'C:/SimpleLock/Vitis9/DLapp9/_ide/bitstream/download.bit' is generated.
17:26:22 INFO  : Connected to target on host '127.0.0.1' and port '3121'.
17:26:22 INFO  : 'targets -set -filter {jtag_cable_name =~ "Digilent Nexys A7 -100T 210292BB2FBAA" && level==0 && jtag_device_ctx=="jsn-Nexys A7 -100T-210292BB2FBAA-13631093-0"}' command is executed.
17:26:24 INFO  : Device configured successfully with "C:/SimpleLock/Vitis9/DLapp9/_ide/bitstream/download.bit"
17:26:27 INFO  : Disconnected from the channel tcfchan#20.
17:26:28 INFO  : The hardware specification used by project 'DLapp9' is out of sync with the platform. Resource files extracted from the hardware specification will be updated.
17:26:29 INFO  : The file 'C:\SimpleLock\Vitis9\DLapp9\_ide\bitstream\download.bit' stored in project is removed.
17:26:29 INFO  : The file 'C:\SimpleLock\Vitis9\DLapp9\_ide\bitstream\embsys9_wrapper.bit' stored in project is removed.
17:26:29 INFO  : The file 'C:\SimpleLock\Vitis9\DLapp9\_ide\bitstream\embsys9_wrapper.mmi' stored in project is removed.
17:26:29 INFO  : The updated bitstream files are copied from platform to folder 'C:\SimpleLock\Vitis9\DLapp9\_ide\bitstream' in project 'DLapp9'.
17:26:29 INFO  : Connected to target on host '127.0.0.1' and port '3121'.
17:26:29 INFO  : Jtag cable 'Digilent Nexys A7 -100T 210292BB2FBAA' is selected.
17:26:29 INFO  : 'jtag frequency' command is executed.
17:26:29 INFO  : 'targets -set -filter {jtag_cable_name =~ "Digilent Nexys A7 -100T 210292BB2FBAA" && level==0 && jtag_device_ctx=="jsn-Nexys A7 -100T-210292BB2FBAA-13631093-0"}' command is executed.
17:26:29 ERROR : couldn't open "C:/SimpleLock/Vitis9/DLapp9/_ide/bitstream/download.bit": no such file or directory
17:26:29 ERROR : Exception occured while running Program Device.
java.lang.RuntimeException: couldn't open "C:/SimpleLock/Vitis9/DLapp9/_ide/bitstream/download.bit": no such file or directory
17:26:29 INFO  : ----------------XSDB Script----------------
connect -url tcp:127.0.0.1:3121
----------------End of Script----------------

17:26:29 ERROR : couldn't open "C:/SimpleLock/Vitis9/DLapp9/_ide/bitstream/download.bit": no such file or directory
17:26:36 INFO  : Connected to target on host '127.0.0.1' and port '3121'.
17:26:36 INFO  : Jtag cable 'Digilent Nexys A7 -100T 210292BB2FBAA' is selected.
17:26:36 INFO  : 'jtag frequency' command is executed.
17:26:36 INFO  : 'targets -set -filter {jtag_cable_name =~ "Digilent Nexys A7 -100T 210292BB2FBAA" && level==0 && jtag_device_ctx=="jsn-Nexys A7 -100T-210292BB2FBAA-13631093-0"}' command is executed.
17:26:36 ERROR : couldn't open "C:/SimpleLock/Vitis9/DLapp9/_ide/bitstream/download.bit": no such file or directory
17:26:36 ERROR : Exception occured while running Program Device.
java.lang.RuntimeException: couldn't open "C:/SimpleLock/Vitis9/DLapp9/_ide/bitstream/download.bit": no such file or directory
17:26:36 INFO  : ----------------XSDB Script----------------
connect -url tcp:127.0.0.1:3121
----------------End of Script----------------

17:26:36 ERROR : couldn't open "C:/SimpleLock/Vitis9/DLapp9/_ide/bitstream/download.bit": no such file or directory
17:26:38 INFO  : Connected to target on host '127.0.0.1' and port '3121'.
17:26:38 INFO  : Jtag cable 'Digilent Nexys A7 -100T 210292BB2FBAA' is selected.
17:26:38 INFO  : 'jtag frequency' command is executed.
17:26:39 INFO  : 'targets -set -filter {jtag_cable_name =~ "Digilent Nexys A7 -100T 210292BB2FBAA" && level==0 && jtag_device_ctx=="jsn-Nexys A7 -100T-210292BB2FBAA-13631093-0"}' command is executed.
17:26:39 ERROR : couldn't open "C:/SimpleLock/Vitis9/DLapp9/_ide/bitstream/download.bit": no such file or directory
17:26:39 ERROR : Exception occured while running Program Device.
java.lang.RuntimeException: couldn't open "C:/SimpleLock/Vitis9/DLapp9/_ide/bitstream/download.bit": no such file or directory
17:26:39 INFO  : ----------------XSDB Script----------------
connect -url tcp:127.0.0.1:3121
----------------End of Script----------------

17:26:39 ERROR : couldn't open "C:/SimpleLock/Vitis9/DLapp9/_ide/bitstream/download.bit": no such file or directory
17:26:41 INFO  : Connected to target on host '127.0.0.1' and port '3121'.
17:26:41 INFO  : Jtag cable 'Digilent Nexys A7 -100T 210292BB2FBAA' is selected.
17:26:41 INFO  : 'jtag frequency' command is executed.
17:26:42 INFO  : 'targets -set -filter {jtag_cable_name =~ "Digilent Nexys A7 -100T 210292BB2FBAA" && level==0 && jtag_device_ctx=="jsn-Nexys A7 -100T-210292BB2FBAA-13631093-0"}' command is executed.
17:26:42 ERROR : couldn't open "C:/SimpleLock/Vitis9/DLapp9/_ide/bitstream/download.bit": no such file or directory
17:26:42 ERROR : Exception occured while running Program Device.
java.lang.RuntimeException: couldn't open "C:/SimpleLock/Vitis9/DLapp9/_ide/bitstream/download.bit": no such file or directory
17:26:42 INFO  : ----------------XSDB Script----------------
connect -url tcp:127.0.0.1:3121
----------------End of Script----------------

17:26:42 ERROR : couldn't open "C:/SimpleLock/Vitis9/DLapp9/_ide/bitstream/download.bit": no such file or directory
17:27:30 INFO  : No changes in MSS file content so sources will not be generated.
17:27:38 INFO  : Result from executing command 'getProjects': DLplatform9
17:27:38 INFO  : Result from executing command 'getPlatforms': DLplatform9|C:/SimpleLock/Vitis9/DLplatform9/export/DLplatform9/DLplatform9.xpfm;xilinx_zcu102_base_202220_1|C:/Xilinx/Vitis/2022.2/base_platforms/xilinx_zcu102_base_202220_1/xilinx_zcu102_base_202220_1.xpfm;xilinx_zcu102_base_dfx_202220_1|C:/Xilinx/Vitis/2022.2/base_platforms/xilinx_zcu102_base_dfx_202220_1/xilinx_zcu102_base_dfx_202220_1.xpfm;xilinx_zcu104_base_202220_1|C:/Xilinx/Vitis/2022.2/base_platforms/xilinx_zcu104_base_202220_1/xilinx_zcu104_base_202220_1.xpfm
17:27:39 INFO  : Checking for BSP changes to sync application flags for project 'DLapp911'...
17:27:49 INFO  : Connected to target on host '127.0.0.1' and port '3121'.
17:27:49 INFO  : Jtag cable 'Digilent Nexys A7 -100T 210292BB2FBAA' is selected.
17:27:49 INFO  : 'jtag frequency' command is executed.
17:27:49 INFO  : 'targets -set -filter {jtag_cable_name =~ "Digilent Nexys A7 -100T 210292BB2FBAA" && level==0 && jtag_device_ctx=="jsn-Nexys A7 -100T-210292BB2FBAA-13631093-0"}' command is executed.
17:27:51 INFO  : Device configured successfully with "C:/SimpleLock/Vitis9/DLapp911/_ide/bitstream/embsys9_wrapper.bit"
17:27:51 INFO  : Context for processor 'microblaze_0' is selected.
17:27:51 INFO  : Hardware design and registers information is loaded from 'C:/SimpleLock/Vitis9/DLplatform9/export/DLplatform9/hw/embsys9_wrapper.xsa'.
17:27:51 INFO  : 'configparams mdm-detect-bscan-mask 2' command is executed.
17:27:51 INFO  : Context for processor 'microblaze_0' is selected.
17:27:51 INFO  : System reset is completed.
17:27:54 INFO  : 'after 3000' command is executed.
17:27:54 INFO  : Context for processor 'microblaze_0' is selected.
17:27:54 INFO  : The application 'C:/SimpleLock/Vitis9/DLapp911/Debug/DLapp911.elf' is downloaded to processor 'microblaze_0'.
17:27:54 INFO  : ----------------XSDB Script----------------
connect -url tcp:127.0.0.1:3121
targets -set -filter {jtag_cable_name =~ "Digilent Nexys A7 -100T 210292BB2FBAA" && level==0 && jtag_device_ctx=="jsn-Nexys A7 -100T-210292BB2FBAA-13631093-0"}
fpga -file C:/SimpleLock/Vitis9/DLapp911/_ide/bitstream/embsys9_wrapper.bit
targets -set -nocase -filter {name =~ "*microblaze*#0" && bscan=="USER2" }
loadhw -hw C:/SimpleLock/Vitis9/DLplatform9/export/DLplatform9/hw/embsys9_wrapper.xsa -regs
configparams mdm-detect-bscan-mask 2
targets -set -nocase -filter {name =~ "*microblaze*#0" && bscan=="USER2" }
rst -system
after 3000
targets -set -nocase -filter {name =~ "*microblaze*#0" && bscan=="USER2" }
dow C:/SimpleLock/Vitis9/DLapp911/Debug/DLapp911.elf
----------------End of Script----------------

17:27:54 INFO  : Context for processor 'microblaze_0' is selected.
17:27:54 INFO  : 'con' command is executed.
17:27:54 INFO  : ----------------XSDB Script (After Launch)----------------
targets -set -nocase -filter {name =~ "*microblaze*#0" && bscan=="USER2" }
con
----------------End of Script----------------

17:27:54 INFO  : Launch script is exported to file 'C:\SimpleLock\Vitis9\DLapp911_system\_ide\scripts\debugger_dlapp911-default.tcl'
17:32:57 INFO  : Checking for BSP changes to sync application flags for project 'DLapp911'...
17:33:12 INFO  : Checking for BSP changes to sync application flags for project 'DLapp911'...
17:33:16 INFO  : Disconnected from the channel tcfchan#22.
17:33:17 INFO  : Connected to target on host '127.0.0.1' and port '3121'.
17:33:26 INFO  : ----------------XSDB Script----------------
connect -url tcp:127.0.0.1:3121
----------------End of Script----------------

17:33:26 ERROR : Could not find FPGA device on the board for connection 'Local'.


Troubleshooting hints:
1. Check whether board is connected to system properly.
2. In case of zynq board, check whether Digilent/Xilinx cable switch settings are correct.
3. If you are using Xilinx Platform Cable USB, ensure that status LED is green.
17:33:34 INFO  : Connected to target on host '127.0.0.1' and port '3121'.
17:33:34 INFO  : Jtag cable 'Digilent Nexys A7 -100T 210292BB2FBAA' is selected.
17:33:34 INFO  : 'jtag frequency' command is executed.
17:33:34 INFO  : 'targets -set -filter {jtag_cable_name =~ "Digilent Nexys A7 -100T 210292BB2FBAA" && level==0 && jtag_device_ctx=="jsn-Nexys A7 -100T-210292BB2FBAA-13631093-0"}' command is executed.
17:33:36 INFO  : Device configured successfully with "C:/SimpleLock/Vitis9/DLapp911/_ide/bitstream/embsys9_wrapper.bit"
17:33:36 INFO  : Context for processor 'microblaze_0' is selected.
17:33:36 INFO  : Hardware design and registers information is loaded from 'C:/SimpleLock/Vitis9/DLplatform9/export/DLplatform9/hw/embsys9_wrapper.xsa'.
17:33:36 INFO  : 'configparams mdm-detect-bscan-mask 2' command is executed.
17:33:36 INFO  : Context for processor 'microblaze_0' is selected.
17:33:36 INFO  : System reset is completed.
17:33:39 INFO  : 'after 3000' command is executed.
17:33:39 INFO  : Context for processor 'microblaze_0' is selected.
17:33:39 INFO  : The application 'C:/SimpleLock/Vitis9/DLapp911/Debug/DLapp911.elf' is downloaded to processor 'microblaze_0'.
17:33:39 INFO  : ----------------XSDB Script----------------
connect -url tcp:127.0.0.1:3121
targets -set -filter {jtag_cable_name =~ "Digilent Nexys A7 -100T 210292BB2FBAA" && level==0 && jtag_device_ctx=="jsn-Nexys A7 -100T-210292BB2FBAA-13631093-0"}
fpga -file C:/SimpleLock/Vitis9/DLapp911/_ide/bitstream/embsys9_wrapper.bit
targets -set -nocase -filter {name =~ "*microblaze*#0" && bscan=="USER2" }
loadhw -hw C:/SimpleLock/Vitis9/DLplatform9/export/DLplatform9/hw/embsys9_wrapper.xsa -regs
configparams mdm-detect-bscan-mask 2
targets -set -nocase -filter {name =~ "*microblaze*#0" && bscan=="USER2" }
rst -system
after 3000
targets -set -nocase -filter {name =~ "*microblaze*#0" && bscan=="USER2" }
dow C:/SimpleLock/Vitis9/DLapp911/Debug/DLapp911.elf
----------------End of Script----------------

17:33:39 INFO  : Context for processor 'microblaze_0' is selected.
17:33:39 INFO  : 'con' command is executed.
17:33:39 INFO  : ----------------XSDB Script (After Launch)----------------
targets -set -nocase -filter {name =~ "*microblaze*#0" && bscan=="USER2" }
con
----------------End of Script----------------

17:33:39 INFO  : Launch script is exported to file 'C:\SimpleLock\Vitis9\DLapp911_system\_ide\scripts\debugger_dlapp911-default.tcl'
17:34:24 INFO  : Disconnected from the channel tcfchan#24.
17:34:25 INFO  : Connected to target on host '127.0.0.1' and port '3121'.
17:34:25 INFO  : Jtag cable 'Digilent Nexys A7 -100T 210292BB2FBAA' is selected.
17:34:25 INFO  : 'jtag frequency' command is executed.
17:34:26 INFO  : 'targets -set -filter {jtag_cable_name =~ "Digilent Nexys A7 -100T 210292BB2FBAA" && level==0 && jtag_device_ctx=="jsn-Nexys A7 -100T-210292BB2FBAA-13631093-0"}' command is executed.
17:34:28 INFO  : Device configured successfully with "C:/SimpleLock/Vitis9/DLapp911/_ide/bitstream/embsys9_wrapper.bit"
17:34:28 INFO  : Context for processor 'microblaze_0' is selected.
17:34:28 INFO  : Hardware design and registers information is loaded from 'C:/SimpleLock/Vitis9/DLplatform9/export/DLplatform9/hw/embsys9_wrapper.xsa'.
17:34:28 INFO  : 'configparams mdm-detect-bscan-mask 2' command is executed.
17:34:28 INFO  : Context for processor 'microblaze_0' is selected.
17:34:28 INFO  : System reset is completed.
17:34:31 INFO  : 'after 3000' command is executed.
17:34:31 INFO  : Context for processor 'microblaze_0' is selected.
17:34:31 INFO  : The application 'C:/SimpleLock/Vitis9/DLapp911/Debug/DLapp911.elf' is downloaded to processor 'microblaze_0'.
17:34:31 INFO  : ----------------XSDB Script----------------
connect -url tcp:127.0.0.1:3121
targets -set -filter {jtag_cable_name =~ "Digilent Nexys A7 -100T 210292BB2FBAA" && level==0 && jtag_device_ctx=="jsn-Nexys A7 -100T-210292BB2FBAA-13631093-0"}
fpga -file C:/SimpleLock/Vitis9/DLapp911/_ide/bitstream/embsys9_wrapper.bit
targets -set -nocase -filter {name =~ "*microblaze*#0" && bscan=="USER2" }
loadhw -hw C:/SimpleLock/Vitis9/DLplatform9/export/DLplatform9/hw/embsys9_wrapper.xsa -regs
configparams mdm-detect-bscan-mask 2
targets -set -nocase -filter {name =~ "*microblaze*#0" && bscan=="USER2" }
rst -system
after 3000
targets -set -nocase -filter {name =~ "*microblaze*#0" && bscan=="USER2" }
dow C:/SimpleLock/Vitis9/DLapp911/Debug/DLapp911.elf
----------------End of Script----------------

17:34:31 INFO  : Context for processor 'microblaze_0' is selected.
17:34:31 INFO  : 'con' command is executed.
17:34:31 INFO  : ----------------XSDB Script (After Launch)----------------
targets -set -nocase -filter {name =~ "*microblaze*#0" && bscan=="USER2" }
con
----------------End of Script----------------

17:34:31 INFO  : Launch script is exported to file 'C:\SimpleLock\Vitis9\DLapp911_system\_ide\scripts\debugger_dlapp911-default.tcl'
10:06:15 INFO  : Bit file 'C:/SimpleLock/Vitis9/DLapp911/_ide/bitstream/download.bit' is generated.
10:06:15 INFO  : Connected to target on host '127.0.0.1' and port '3121'.
10:06:15 INFO  : 'targets -set -filter {jtag_cable_name =~ "Digilent Nexys A7 -100T 210292BB2FBAA" && level==0 && jtag_device_ctx=="jsn-Nexys A7 -100T-210292BB2FBAA-13631093-0"}' command is executed.
10:06:17 INFO  : Device configured successfully with "C:/SimpleLock/Vitis9/DLapp911/_ide/bitstream/download.bit"
10:06:23 INFO  : Disconnected from the channel tcfchan#25.
10:06:24 INFO  : Connected to target on host '127.0.0.1' and port '3121'.
10:06:33 INFO  : ----------------XSDB Script----------------
connect -url tcp:127.0.0.1:3121
----------------End of Script----------------

10:06:33 ERROR : Could not find FPGA device on the board for connection 'Local'.


Troubleshooting hints:
1. Check whether board is connected to system properly.
2. In case of zynq board, check whether Digilent/Xilinx cable switch settings are correct.
3. If you are using Xilinx Platform Cable USB, ensure that status LED is green.
10:06:35 INFO  : Connected to target on host '127.0.0.1' and port '3121'.
10:06:36 INFO  : Jtag cable 'Digilent Nexys A7 -100T 210292BB2FBAA' is selected.
10:06:36 INFO  : 'jtag frequency' command is executed.
10:06:36 INFO  : 'targets -set -filter {jtag_cable_name =~ "Digilent Nexys A7 -100T 210292BB2FBAA" && level==0 && jtag_device_ctx=="jsn-Nexys A7 -100T-210292BB2FBAA-13631093-0"}' command is executed.
10:06:38 INFO  : Device configured successfully with "C:/SimpleLock/Vitis9/DLapp911/_ide/bitstream/embsys9_wrapper.bit"
10:06:38 INFO  : Context for processor 'microblaze_0' is selected.
10:06:38 INFO  : Hardware design and registers information is loaded from 'C:/SimpleLock/Vitis9/DLplatform9/export/DLplatform9/hw/embsys9_wrapper.xsa'.
10:06:38 INFO  : 'configparams mdm-detect-bscan-mask 2' command is executed.
10:06:38 INFO  : Context for processor 'microblaze_0' is selected.
10:06:38 INFO  : System reset is completed.
10:06:41 INFO  : 'after 3000' command is executed.
10:06:41 INFO  : Context for processor 'microblaze_0' is selected.
10:06:41 INFO  : The application 'C:/SimpleLock/Vitis9/DLapp911/Debug/DLapp911.elf' is downloaded to processor 'microblaze_0'.
10:06:41 INFO  : ----------------XSDB Script----------------
connect -url tcp:127.0.0.1:3121
targets -set -filter {jtag_cable_name =~ "Digilent Nexys A7 -100T 210292BB2FBAA" && level==0 && jtag_device_ctx=="jsn-Nexys A7 -100T-210292BB2FBAA-13631093-0"}
fpga -file C:/SimpleLock/Vitis9/DLapp911/_ide/bitstream/embsys9_wrapper.bit
targets -set -nocase -filter {name =~ "*microblaze*#0" && bscan=="USER2" }
loadhw -hw C:/SimpleLock/Vitis9/DLplatform9/export/DLplatform9/hw/embsys9_wrapper.xsa -regs
configparams mdm-detect-bscan-mask 2
targets -set -nocase -filter {name =~ "*microblaze*#0" && bscan=="USER2" }
rst -system
after 3000
targets -set -nocase -filter {name =~ "*microblaze*#0" && bscan=="USER2" }
dow C:/SimpleLock/Vitis9/DLapp911/Debug/DLapp911.elf
----------------End of Script----------------

10:06:41 INFO  : Context for processor 'microblaze_0' is selected.
10:06:41 INFO  : 'con' command is executed.
10:06:41 INFO  : ----------------XSDB Script (After Launch)----------------
targets -set -nocase -filter {name =~ "*microblaze*#0" && bscan=="USER2" }
con
----------------End of Script----------------

10:06:41 INFO  : Launch script is exported to file 'C:\SimpleLock\Vitis9\DLapp911_system\_ide\scripts\debugger_dlapp911-default.tcl'
10:06:55 INFO  : Disconnected from the channel tcfchan#26.
10:06:56 INFO  : Connected to target on host '127.0.0.1' and port '3121'.
10:06:56 INFO  : Jtag cable 'Digilent Nexys A7 -100T 210292BB2FBAA' is selected.
10:06:56 INFO  : 'jtag frequency' command is executed.
10:06:56 INFO  : 'targets -set -filter {jtag_cable_name =~ "Digilent Nexys A7 -100T 210292BB2FBAA" && level==0 && jtag_device_ctx=="jsn-Nexys A7 -100T-210292BB2FBAA-13631093-0"}' command is executed.
10:06:58 INFO  : Device configured successfully with "C:/SimpleLock/Vitis9/DLapp911/_ide/bitstream/embsys9_wrapper.bit"
10:06:59 INFO  : Context for processor 'microblaze_0' is selected.
10:06:59 INFO  : Hardware design and registers information is loaded from 'C:/SimpleLock/Vitis9/DLplatform9/export/DLplatform9/hw/embsys9_wrapper.xsa'.
10:06:59 INFO  : 'configparams mdm-detect-bscan-mask 2' command is executed.
10:06:59 INFO  : Context for processor 'microblaze_0' is selected.
10:06:59 INFO  : System reset is completed.
10:07:02 INFO  : 'after 3000' command is executed.
10:07:02 INFO  : Context for processor 'microblaze_0' is selected.
10:07:02 INFO  : The application 'C:/SimpleLock/Vitis9/DLapp911/Debug/DLapp911.elf' is downloaded to processor 'microblaze_0'.
10:07:02 INFO  : ----------------XSDB Script----------------
connect -url tcp:127.0.0.1:3121
targets -set -filter {jtag_cable_name =~ "Digilent Nexys A7 -100T 210292BB2FBAA" && level==0 && jtag_device_ctx=="jsn-Nexys A7 -100T-210292BB2FBAA-13631093-0"}
fpga -file C:/SimpleLock/Vitis9/DLapp911/_ide/bitstream/embsys9_wrapper.bit
targets -set -nocase -filter {name =~ "*microblaze*#0" && bscan=="USER2" }
loadhw -hw C:/SimpleLock/Vitis9/DLplatform9/export/DLplatform9/hw/embsys9_wrapper.xsa -regs
configparams mdm-detect-bscan-mask 2
targets -set -nocase -filter {name =~ "*microblaze*#0" && bscan=="USER2" }
rst -system
after 3000
targets -set -nocase -filter {name =~ "*microblaze*#0" && bscan=="USER2" }
dow C:/SimpleLock/Vitis9/DLapp911/Debug/DLapp911.elf
----------------End of Script----------------

10:07:02 INFO  : Context for processor 'microblaze_0' is selected.
10:07:02 INFO  : 'con' command is executed.
10:07:02 INFO  : ----------------XSDB Script (After Launch)----------------
targets -set -nocase -filter {name =~ "*microblaze*#0" && bscan=="USER2" }
con
----------------End of Script----------------

10:07:02 INFO  : Launch script is exported to file 'C:\SimpleLock\Vitis9\DLapp911_system\_ide\scripts\debugger_dlapp911-default.tcl'
10:07:20 INFO  : Disconnected from the channel tcfchan#27.
